[20:57:00.84] /m Information: Started sharing "Primewave" license. (WAVEFORM-110)
[20:57:05.95] /o pw_shell Version PrimeWave Design Envrionment S-2021.09-SP1-1
              /c Build  (OPT) compiled on Tue Jan 11 10:36:48 2022 for CentOS64 7.3
              /c Execution time: Sat Feb  5 20:56:44 2022
              /c Host: bender.engr.ucr.edu
              /c 
              /c Copyright © 2004-2022 Synopsys, Inc.
              /c This software and the associated documentation are proprietary to Synopsys, Inc. This software may only be used in accordance with the terms and conditions of a written license agreement with Synopsys, Inc. All other use, reproduction, or distribution of this software is strictly prohibited.
              /c 
              /c 
[20:57:05.96] /w Warning: In file /home/eemaj/acardenasbeltra/lib.defs: In file '/home/eemaj/acardenasbeltra/lib.defs': Error at line '2' : Multiple definitions for the library with the name of 'mylibrary' (DATA_MANAGEMENT-014)
[20:57:05.96] /w Warning: In file /home/eemaj/acardenasbeltra/lib.defs: Identical path definitions for 'mylibrary' in '/home/eemaj/acardenasbeltra/lib.defs' line '2' and 'mylibrary' in '/home/eemaj/acardenasbeltra/lib.defs' line '3' (DATA_MANAGEMENT-014)
[20:57:05.96] /w Warning: In file /home/eemaj/acardenasbeltra/lib.defs: In file '/home/eemaj/acardenasbeltra/lib.defs': Error at line '2' : Multiple definitions for the library with the name of 'mylibrary' (DATA_MANAGEMENT-014)
[20:57:05.96] /w Warning: In file /home/eemaj/acardenasbeltra/lib.defs: Identical path definitions for 'mylibrary' in '/home/eemaj/acardenasbeltra/lib.defs' line '2' and 'mylibrary' in '/home/eemaj/acardenasbeltra/lib.defs' line '4' (DATA_MANAGEMENT-014)
[20:57:05.96] /w Warning: In file /home/eemaj/acardenasbeltra/lib.defs: In file '/home/eemaj/acardenasbeltra/lib.defs': Error at line '3' : Multiple definitions for the library with the name of 'mylibrary' (DATA_MANAGEMENT-014)
[20:57:05.96] /w Warning: In file /home/eemaj/acardenasbeltra/lib.defs: Identical path definitions for 'mylibrary' in '/home/eemaj/acardenasbeltra/lib.defs' line '3' and 'mylibrary' in '/home/eemaj/acardenasbeltra/lib.defs' line '4' (DATA_MANAGEMENT-014)
[20:57:05.97] /o /usr/local/synopsys/pdk/SAED_PDK90nm/SAED_PDK_90
[20:57:05.97] /o 	############################################
[20:57:05.97] /o 	--------------------------------------------
[20:57:05.97] /o 	PDK Name................... : SAED_PDK_90
[20:57:05.97] /o 	PDK Release Date........... : 29-Sep-2015
[20:57:05.97] /o 	PDK Custom Designer Version : J-2014.12-2
[20:57:05.97] /o 	--------------------------------------------
[20:57:05.97] /o 	############################################
[20:57:05.97] /o 
[20:57:05.97] /w Warning: Preference 'leActiveLPP' is deprecated and scheduled for removal in a future release with no replacement. For migration assistance, see the Custom Compiler Tcl Reference Manual. (PREFERENCE-058)
[20:57:05.97] /o SAED PDK 90: Loaded callbacks
[20:57:05.98] /o SAED PDK 90: Loaded display resources
[20:57:05.99] /i ::sa::_backgroundSaeShell::signalProcessReady 1644123403
[20:57:05.99] /o saeInterBGSaeShell:  ::sa::_backgroundSaeShell::processReady 22
[20:57:05.99] /i ::wf::updateViewerLicense 3
[20:57:05.99] /i ::wf::updateViewerLicense 3
[20:59:07.54] /i ::sa::_backgroundSaeShell::exit
[20:59:07.54] /o saeInterBGSaeShell:  ::sa::_backgroundSaeShell::childFormallyExiting
[20:59:07.88] /m Information: License 'Apex' checked in. (LICENSE-004)
