[23:05:23.31] /o Custom Designer (TM) Version J-2014.12-SP2-2
              /c Build  (OPT) Config 2901729 compiled on Sun Jul 26 20:41:43 2015 for RHEL64 5.7
              /c Invocation: /usr/local/synopsys/customdesigner/J-2014.12-SP2-2/amd64/platform/bin/cdesigner
              /c Execution time: Thu Jan 20 23:05:16 2022
              /c Host: bender.engr.ucr.edu
              /c 
              /c Copyright © 2004-2015 Synopsys, Inc. All rights reserved.
              /c Your use of this program is subject to the terms and conditions of the written license agreement between you, or your company, and Synopsys.
              /c 
[23:05:24.67] /w Warning: In file /home/eemaj/acardenasbeltra/lib.defs: In file '/home/eemaj/acardenasbeltra/lib.defs': Error at line '2' : Multiple definitions for the library with the name of 'mylibrary' (DATA_MANAGEMENT-014)
[23:05:24.67] /w Warning: In file /home/eemaj/acardenasbeltra/lib.defs: Identical path definitions for 'mylibrary' in '/home/eemaj/acardenasbeltra/lib.defs' line '2' and 'mylibrary' in '/home/eemaj/acardenasbeltra/lib.defs' line '3' (DATA_MANAGEMENT-014)
[23:05:24.67] /w Warning: In file /home/eemaj/acardenasbeltra/lib.defs: In file '/home/eemaj/acardenasbeltra/lib.defs': Error at line '3' : Multiple definitions for the library with the name of 'mylibrary' (DATA_MANAGEMENT-014)
[23:05:24.67] /w Warning: In file /home/eemaj/acardenasbeltra/lib.defs: Identical path definitions for 'mylibrary' in '/home/eemaj/acardenasbeltra/lib.defs' line '3' and 'mylibrary' in '/home/eemaj/acardenasbeltra/lib.defs' line '4' (DATA_MANAGEMENT-014)
[23:06:42.37] /# gi::executeAction dmShowLibraryManager -in [gi::getWindows 0]
[23:06:42.37] /i dm::showLibraryManager
[23:06:42.39] /r giWindowId 1
[23:06:42.39] /r giWindowGeometry 660x600+50+50
[23:06:42.73] /w Warning: In file /home/eemaj/acardenasbeltra/lib.defs: In file '/home/eemaj/acardenasbeltra/lib.defs': Error at line '2' : Multiple definitions for the library with the name of 'mylibrary' (DATA_MANAGEMENT-014)
[23:06:42.73] /w Warning: In file /home/eemaj/acardenasbeltra/lib.defs: Identical path definitions for 'mylibrary' in '/home/eemaj/acardenasbeltra/lib.defs' line '2' and 'mylibrary' in '/home/eemaj/acardenasbeltra/lib.defs' line '3' (DATA_MANAGEMENT-014)
[23:06:42.73] /w Warning: In file /home/eemaj/acardenasbeltra/lib.defs: In file '/home/eemaj/acardenasbeltra/lib.defs': Error at line '3' : Multiple definitions for the library with the name of 'mylibrary' (DATA_MANAGEMENT-014)
[23:06:42.73] /w Warning: In file /home/eemaj/acardenasbeltra/lib.defs: Identical path definitions for 'mylibrary' in '/home/eemaj/acardenasbeltra/lib.defs' line '3' and 'mylibrary' in '/home/eemaj/acardenasbeltra/lib.defs' line '4' (DATA_MANAGEMENT-014)
[23:06:42.73] /o oa:0x24a58110
[23:06:44.50] /i gi::setCurrentIndex {libs} -index {mylibrary} -in [gi::getWindows 1]
[23:06:44.58] /i gi::setItemSelection {libs} -index {mylibrary} -in [gi::getWindows 1]
[23:06:45.72] /i gi::setCurrentIndex {cells} -index {inverter_testbench} -in [gi::getWindows 1]
[23:06:45.81] /i gi::setItemSelection {cells} -index {inverter_testbench} -in [gi::getWindows 1]
[23:06:45.89] /i gi::setItemSelection {views} -index {schematic} -in [gi::getWindows 1]
[23:06:45.93] /i gi::executeAction dmOpen -in [gi::getWindows 1]
[23:06:45.99] /o 	############################################
[23:06:45.99] /o 	--------------------------------------------
[23:06:45.99] /o 	PDK Name................... : SAED_PDK_90
[23:06:45.99] /o 	PDK Release Date........... : 29-Sep-2015
[23:06:45.99] /o 	PDK Custom Designer Version : J-2014.12-2
[23:06:45.99] /o 	--------------------------------------------
[23:06:45.99] /o 	############################################
[23:06:45.99] /o 
[23:06:46.00] /w Warning: Preference 'leActiveLPP' is deprecated and scheduled for removal in a future release with no replacement. For migration assistance, see the Custom Designer Tcl Reference Manual. (PREFERENCE-058)
[23:06:46.00] /o SAED PDK 90: Loaded callbacks
[23:06:46.00] /o SAED PDK 90: Loaded display resources
[23:06:46.07] /m Information: License 'Schematic Editor' checked out. (LICENSE-003)
[23:06:46.16] /r giWindowId 2
[23:06:46.16] /r giWindowGeometry 1088x591
[23:06:52.97] /# gi::executeAction deSelectActive -in [gi::getWindows 2]
[23:06:52.97] /i de::select [de::getActiveFigure [gi::getWindows 2] -point {1.90625 1.4} -index 0 -intent none] -replace true
[23:06:53.01] /o oa:0x260b8af0
[23:06:53.70] /# gi::executeAction deSelectActive -in [gi::getWindows 2]
[23:06:53.70] /i de::select [de::getActiveFigure [gi::getWindows 2] -point {1.675 1.2625} -index 0 -intent none] -replace true
[23:06:53.74] /o oa:0x25ec6720
[23:07:04.75] /# gi::executeAction dePropertyEditorToggle -in [gi::getWindows 2]
[23:07:04.75] /i db::setAttr shown -of [gi::getAssistants dePropertyEditor -from [gi::getWindows 2]] -value true
[23:07:06.22] /i gi::setItemSelection {parameters} -index {vdc,all} -in [gi::getAssistants dePropertyEditor -from [gi::getWindows 2]]
[23:07:06.33] /i gi::setCurrentIndex {parameters} -index {vdc,Value} -in [gi::getAssistants dePropertyEditor -from [gi::getWindows 2]]
[23:07:11.84] /i gi::setField {parameters} -value {1.2} -index {vdc,Value} -in [gi::getAssistants dePropertyEditor -from [gi::getWindows 2]]
[23:07:56.92] /i db::setAttr shown -of [gi::getAssistants dePropertyEditor -from [gi::getWindows 2]] -value false
[23:07:57.36] /r giDialog gi::setActiveDialog [gi::getDialogs {dbSelectionChange} -parent [gi::getWindows 2]]
[23:07:57.51] /r giDialog db::setAttr geometry -of [gi::getDialogs {dbSelectionChange} -parent [gi::getWindows 2]] -value 407x89+338+234
[23:07:58.06] /r giDialog gi::pressButton {apply} -in [gi::getDialogs {dbSelectionChange} -parent [gi::getWindows 2]]
[23:08:01.61] /# gi::executeAction deSelectActive -in [gi::getWindows 2]
[23:08:01.61] /i de::select [de::getActiveFigure [gi::getWindows 2] -point {2.41875 1.31875} -index 0 -intent none] -replace true
[23:08:01.65] /o oa:0x260e6190
[23:08:06.52] /# gi::executeAction dePropertyEditorToggle -in [gi::getWindows 2]
[23:08:06.52] /i db::setAttr shown -of [gi::getAssistants dePropertyEditor -from [gi::getWindows 2]] -value true
[23:08:17.55] /i gi::setItemSelection {parameters} -index {v1,all} -in [gi::getAssistants dePropertyEditor -from [gi::getWindows 2]]
[23:08:17.64] /i gi::setCurrentIndex {parameters} -index {v1,Value} -in [gi::getAssistants dePropertyEditor -from [gi::getWindows 2]]
[23:08:18.92] /i gi::setItemSelection {parameters} -index {v2,all} -in [gi::getAssistants dePropertyEditor -from [gi::getWindows 2]]
[23:08:19.02] /i gi::setCurrentIndex {parameters} -index {v2,Value} -in [gi::getAssistants dePropertyEditor -from [gi::getWindows 2]]
[23:08:21.85] /i gi::setField {parameters} -value {1.2} -index {v2,Value} -in [gi::getAssistants dePropertyEditor -from [gi::getWindows 2]]
[23:08:24.15] /i gi::setItemSelection {parameters} -index {td,all} -in [gi::getAssistants dePropertyEditor -from [gi::getWindows 2]]
[23:08:24.26] /i gi::setCurrentIndex {parameters} -index {td,Value} -in [gi::getAssistants dePropertyEditor -from [gi::getWindows 2]]
[23:08:28.54] /i gi::setField {parameters} -value {10p} -index {td,Value} -in [gi::getAssistants dePropertyEditor -from [gi::getWindows 2]]
[23:08:33.45] /i db::setAttr shown -of [gi::getAssistants dePropertyEditor -from [gi::getWindows 2]] -value false
[23:08:33.94] /r giDialog db::setAttr geometry -of [gi::getDialogs {dbSelectionChange} -parent [gi::getWindows 2]] -value 407x89+338+234
[23:08:34.34] /r giDialog gi::setActiveDialog [gi::getDialogs {dbSelectionChange} -parent [gi::getWindows 2]]
[23:08:35.95] /r giDialog gi::pressButton {apply} -in [gi::getDialogs {dbSelectionChange} -parent [gi::getWindows 2]]
[23:08:44.71] /i db::setAttr geometry -of [gi::getFrames 2] -value 1214x634+7+23
[23:08:47.06] /# gi::executeAction deZoomInAtPoint -in [gi::getWindows 2]
[23:08:47.06] /i de::zoom -window 2 -factor 2.0 -center {2.64375 1.15625}
[23:08:47.13] /o {1.325 0.4625} {4.5 1.85}
[23:08:50.97] /# gi::executeAction deSelectActive -in [gi::getWindows 2]
[23:08:50.97] /i de::cycleActiveFigure [gi::getWindows 2] -direction next
[23:08:51.01] /o oa:0x226e7d60
[23:08:51.01] /i de::select [de::getActiveFigure [gi::getWindows 2] -point {2.34375 1.3625} -index 0 -intent none] -replace true
[23:08:51.04] /o oa:0x25ae2af0
[23:08:54.46] /# gi::executeAction dePropertyEditorToggle -in [gi::getWindows 2]
[23:08:54.46] /i db::setAttr shown -of [gi::getAssistants dePropertyEditor -from [gi::getWindows 2]] -value true
[23:09:00.01] /i gi::setItemSelection {parameters} -index {td,all} -in [gi::getAssistants dePropertyEditor -from [gi::getWindows 2]]
[23:09:00.11] /i gi::setCurrentIndex {parameters} -index {td,Value} -in [gi::getAssistants dePropertyEditor -from [gi::getWindows 2]]
[23:09:05.31] /i gi::setField {parameters} -value {10ps} -index {td,Value} -in [gi::getAssistants dePropertyEditor -from [gi::getWindows 2]]
[23:09:12.12] /i gi::setField {parameters} -value {10p} -index {td,Value} -in [gi::getAssistants dePropertyEditor -from [gi::getWindows 2]]
[23:09:38.10] /i gi::setField {parameters} -value {0 } -index {td,Value} -in [gi::getAssistants dePropertyEditor -from [gi::getWindows 2]]
[23:09:38.15] /i gi::setItemSelection {parameters} -index {tr,all} -in [gi::getAssistants dePropertyEditor -from [gi::getWindows 2]]
[23:09:38.24] /i gi::setCurrentIndex {parameters} -index {tr,Value} -in [gi::getAssistants dePropertyEditor -from [gi::getWindows 2]]
[23:09:42.68] /i gi::setField {parameters} -value {10p} -index {tr,Value} -in [gi::getAssistants dePropertyEditor -from [gi::getWindows 2]]
[23:09:52.86] /i db::setAttr shown -of [gi::getAssistants dePropertyEditor -from [gi::getWindows 2]] -value false
[23:09:53.34] /r giDialog db::setAttr geometry -of [gi::getDialogs {dbSelectionChange} -parent [gi::getWindows 2]] -value 407x89+401+256
[23:09:53.71] /r giDialog gi::setActiveDialog [gi::getDialogs {dbSelectionChange} -parent [gi::getWindows 2]]
[23:09:54.23] /r giDialog gi::pressButton {apply} -in [gi::getDialogs {dbSelectionChange} -parent [gi::getWindows 2]]
[23:10:00.34] /# gi::executeAction deZoomOutAtPoint -in [gi::getWindows 2]
[23:10:00.34] /i de::zoom -window 2 -factor 0.5 -center {2.7 1.24375}
[23:10:00.41] /o {-0.05 -0.325} {6.29375 2.45}
[23:10:02.16] /# gi::executeAction deZoomInAtPoint -in [gi::getWindows 2]
[23:10:02.16] /i de::zoom -window 2 -factor 2.0 -center {2.56875 1.6625}
[23:10:02.23] /o {1.25625 0.66875} {4.43125 2.05625}
[23:10:06.47] /# gi::executeAction seSchCreateWireName -in [gi::getWindows 2]
[23:10:06.47] /i ise::createWireName
[23:10:14.13] /i gi::setField {wireNameName} -value {VIN} -in [gi::getToolbars {deCommandOptions} -from [gi::getWindows 2]]
[23:10:16.14] /# gi::executeAction deAddPoint -in [gi::getWindows 2]
[23:10:16.14] /i de::addPoint {2.76875 1.45} -window 2
[23:10:22.02] /# gi::executeAction deZoomOutAtPoint -in [gi::getWindows 2]
[23:10:22.02] /i de::zoom -window 2 -factor 0.5 -center {3.00625 1.21875}
[23:10:22.10] /o {-0.4875 0.11875} {5.85625 2.89375}
[23:10:34.82] /# gi::executeAction seCreateInst -in [gi::getWindows 2]
[23:10:34.82] /i ise::createInst
[23:10:35.50] /i db::setAttr geometry -of [gi::getDialogs {seCreateInst}] -value 355x355+284+60
[23:10:36.20] /i gi::setActiveDialog [gi::getDialogs {seCreateInst} -parent [gi::getWindows 2]]
[23:10:37.02] /i gi::pressButton {cancel} -in [gi::getDialogs {seCreateInst} -parent [gi::getWindows 2]]
[23:10:38.34] /# gi::executeAction seSchCreateWire -in [gi::getWindows 2]
[23:10:38.34] /i ise::createWire
[23:10:39.92] /# gi::executeAction deAddPoint -in [gi::getWindows 2]
[23:10:39.92] /i de::addPoint {3.94375 1.425} -window 2
[23:10:39.96] /i de::setCursor -point {4 1.4375 }
[23:10:41.15] /# gi::executeAction deAddPoint -in [gi::getWindows 2]
[23:10:41.15] /i de::addPoint {4.2625 1.43125} -window 2
[23:10:42.71] /i de::setCursor -point {4.1875 1.5625 }
[23:10:43.45] /i de::setCursor -point {4.375 1.4375 }
[23:10:44.27] /# gi::executeAction deAddPoint -in [gi::getWindows 2]
[23:10:44.27] /i de::addPoint {4.275 1.41875} -window 2
[23:10:44.38] /# gi::executeAction deCompleteShape -in [gi::getWindows 2]
[23:10:44.38] /i de::completeShape -window 2
[23:10:46.11] /# gi::executeAction seSchCreateSchematicPin -in [gi::getWindows 2]
[23:10:46.12] /i ise::createSchematicPin
[23:10:52.53] /i gi::setField {schematicPinType} -value {output} -in [gi::getToolbars {deCommandOptions} -from [gi::getWindows 2]]
[23:10:55.26] /# gi::executeAction deAddPoint -in [gi::getWindows 2]
[23:10:55.26] /i de::addPoint {4.23125 1.44375} -window 2
[23:10:58.40] /# gi::executeAction seOptionsRotate90 -in [gi::getWindows 2]
[23:10:58.40] /i de::commandOption R90
[23:11:01.35] /# gi::executeAction seOptionsRotate90 -in [gi::getWindows 2]
[23:11:01.35] /i de::commandOption R90
[23:11:01.46] /w Warning: Nothing is bound to the 'Button3-Double' in the current active set. (WINDOW-015)
[23:11:07.48] /# gi::executeAction deUndo -in [gi::getWindows 2]
[23:11:07.48] /i de::undoTransaction -design [db::getAttr editDesign -of [db::getNext [de::getContexts -window 2]]]
[23:11:09.24] /# gi::executeAction seSchCreateSchematicPin -in [gi::getWindows 2]
[23:11:09.24] /i ise::createSchematicPin
[23:11:17.55] /i gi::setField {schematicPinName} -value {vout} -in [gi::getToolbars {deCommandOptions} -from [gi::getWindows 2]]
[23:11:28.58] /i gi::setField {schematicPinType} -value {input} -in [gi::getToolbars {deCommandOptions} -from [gi::getWindows 2]]
[23:11:32.89] /i gi::setField {schematicPinType} -value {output} -in [gi::getToolbars {deCommandOptions} -from [gi::getWindows 2]]
[23:11:37.00] /# gi::executeAction seOptionsRotate90 -in [gi::getWindows 2]
[23:11:37.00] /i de::commandOption R90
[23:11:37.85] /# gi::executeAction seOptionsRotate90 -in [gi::getWindows 2]
[23:11:37.85] /i de::commandOption R90
[23:11:39.85] /# gi::executeAction deAddPoint -in [gi::getWindows 2]
[23:11:39.85] /i de::addPoint {4.24375 1.45} -window 2
[23:11:48.47] /# gi::executeAction seCreateInst -in [gi::getWindows 2]
[23:11:48.48] /i ise::createInst
[23:11:49.40] /i db::setAttr geometry -of [gi::getDialogs {seCreateInst}] -value 355x355+284+60
[23:11:49.52] /i gi::setActiveDialog [gi::getDialogs {seCreateInst} -parent [gi::getWindows 2]]
[23:11:53.61] /i gi::setField {instMasterLib} -value {analogLib} -in [gi::getDialogs {seCreateInst} -parent [gi::getWindows 2]]
[23:11:53.93] /i db::setAttr geometry -of [gi::getDialogs {seCreateInst}] -value 355x355+284+60
[23:11:59.72] /i gi::setField {instMasterCell} -value {gnd} -in [gi::getDialogs {seCreateInst} -parent [gi::getWindows 2]]
[23:12:00.09] /i db::setAttr geometry -of [gi::getDialogs {seCreateInst}] -value 355x355+284+60
[23:12:05.27] /# gi::executeAction deAddPoint -in [gi::getWindows 2]
[23:12:05.27] /i de::addPoint {4.1125 0.51875} -window 2
[23:12:17.55] /i gi::setField {instMasterCell} -value {vpulse} -in [gi::getDialogs {seCreateInst} -parent [gi::getWindows 2]]
[23:12:17.89] /i db::setAttr geometry -of [gi::getDialogs {seCreateInst}] -value 355x597+284+60
[23:12:32.94] /# gi::executeAction deAddPoint -in [gi::getWindows 2]
[23:12:32.94] /i de::addPoint {4.10625 1.04375} -window 2
[23:12:41.77] /# gi::executeAction seOptionsRotate90 -in [gi::getWindows 2]
[23:12:41.77] /i de::commandOption R90
[23:12:48.30] /i gi::pressButton {cancel} -in [gi::getDialogs {seCreateInst} -parent [gi::getWindows 2]]
[23:12:50.45] /# gi::executeAction dePan -in [gi::getWindows 2]
[23:12:50.45] /i ide::pan 2
[23:12:51.85] /# gi::executeAction deAddPoint -in [gi::getWindows 2]
[23:12:51.85] /i de::addPoint {4.15 0.8625} -window 2
[23:12:53.68] /# gi::executeAction deStartDrag -in [gi::getWindows 2]
[23:12:53.68] /i de::startDrag {4.3875 1.69375} -window 2
[23:12:54.18] /# gi::executeAction deEndDrag -in [gi::getWindows 2]
[23:12:54.18] /i de::endDrag {4.40625 1.68125} -window 2
[23:12:54.25] /r dePanToPoint {3.45 1.2125}
[23:12:54.84] /# gi::executeAction deStartDrag -in [gi::getWindows 2]
[23:12:54.84] /i de::startDrag {4.35 1.725} -window 2
[23:12:55.70] /# gi::executeAction deEndDrag -in [gi::getWindows 2]
[23:12:55.70] /i de::endDrag {4.35 1.725} -window 2
[23:12:55.77] /r dePanToPoint {3.49375 1.05}
[23:13:12.20] /# gi::executeAction seDelete -in [gi::getWindows 2]
[23:13:12.20] /i ise::delete
[23:13:15.62] /# gi::executeAction deAddPoint -in [gi::getWindows 2]
[23:13:15.62] /i de::addPoint {4.15625 0.875} -window 2
[23:13:17.57] /# gi::executeAction deAddPoint -in [gi::getWindows 2]
[23:13:17.57] /i de::addPoint {4.14375 0.43125} -window 2
[23:13:30.37] /i gi::executeAction deSaveDesign -in [gi::getWindows 2]
[23:13:30.41] /m Information: Saving design 'mylibrary inverter_testbench schematic'. (DESIGN_WINDOW-004)
[23:14:55.26] /i gi::pressButton {qt_toolbar_ext_button} -in [gi::getToolbars {seEdit} -from [gi::getWindows 2]]
[23:15:09.08] /i gi::pressButton {qt_toolbar_ext_button} -in [gi::getToolbars {seEdit} -from [gi::getWindows 2]]
[23:15:10.50] /# gi::executeAction dePropertyEditorToggle -in [gi::getWindows 2]
[23:15:10.50] /i db::setAttr shown -of [gi::getAssistants dePropertyEditor -from [gi::getWindows 2]] -value true
[23:15:13.99] /# gi::executeAction deAddPoint -in [gi::getWindows 2]
[23:15:13.99] /i de::addPoint {3.36875 1.3625} -window 2
[23:15:17.02] /# gi::executeAction deAddPoint -in [gi::getWindows 2]
[23:15:17.02] /i de::addPoint {2.4375 1.2375} -window 2
[23:15:23.62] /# gi::executeAction deAddPoint -in [gi::getWindows 2]
[23:15:23.62] /i de::addPoint {2.35625 1.23125} -window 2
[23:15:33.31] /i db::setAttr shown -of [gi::getAssistants dePropertyEditor -from [gi::getWindows 2]] -value false
[23:15:45.66] /# gi::executeAction deAddPoint -in [gi::getWindows 2]
[23:15:45.66] /i de::addPoint {2.45 1.3125} -window 2
[23:15:45.80] /# gi::executeAction deCompleteShape -in [gi::getWindows 2]
[23:15:45.80] /i de::completeShape -window 2
[23:15:46.45] /# gi::executeAction deAddPoint -in [gi::getWindows 2]
[23:15:46.45] /i de::addPoint {2.36875 1.275} -window 2
[23:15:49.36] /i gi::setActiveWindow 0
[23:15:49.39] /i gi::setActiveWindow 0 -raise true
[23:15:49.62] /i gi::setActiveWindow 2
[23:15:49.65] /i gi::setActiveWindow 2 -raise true
[23:15:55.04] /# gi::executeAction dePropertyEditorToggle -in [gi::getWindows 2]
[23:15:55.04] /i db::setAttr shown -of [gi::getAssistants dePropertyEditor -from [gi::getWindows 2]] -value true
[23:16:00.88] /i gi::pressButton {selectMode} -in [gi::getToolbars {seSelection} -from [gi::getWindows 2]]
[23:16:01.93] /i gi::pressButton {selectMode} -in [gi::getToolbars {seSelection} -from [gi::getWindows 2]]
[23:16:03.00] /# gi::executeAction deAddPoint -in [gi::getWindows 2]
[23:16:03.00] /i de::addPoint {2.38125 1.2625} -window 2
[23:16:03.83] /# gi::executeAction deAddPoint -in [gi::getWindows 2]
[23:16:03.83] /i de::addPoint {2.39375 1.25} -window 2
[23:16:06.72] /# gi::executeAction deAddPoint -in [gi::getWindows 2]
[23:16:06.72] /i de::addPoint {2.26875 1.3625} -window 2
[23:16:08.64] /i gi::pressButton {selectMode} -in [gi::getToolbars {seSelection} -from [gi::getWindows 2]]
[23:16:10.34] /# gi::executeAction deAddPoint -in [gi::getWindows 2]
[23:16:10.34] /i de::addPoint {2.2625 1.28125} -window 2
[23:16:11.01] /# gi::executeAction deAddPoint -in [gi::getWindows 2]
[23:16:11.01] /i de::addPoint {2.3125 1.325} -window 2
[23:16:14.15] /i db::setAttr shown -of [gi::getAssistants dePropertyEditor -from [gi::getWindows 2]] -value false
[23:16:17.63] /i gi::pressButton {selectMode} -in [gi::getToolbars {seSelection} -from [gi::getWindows 2]]
[23:16:21.66] /# gi::executeAction deAddPoint -in [gi::getWindows 2]
[23:16:21.66] /i de::addPoint {2.46875 1.29375} -window 2
[23:16:22.59] /# gi::executeAction deDefaultCommandOption -in [gi::getWindows 2]
[23:16:22.59] /i de::commandOption default -point {2.35625 1.275} -window 2
[23:16:30.81] /# gi::executeAction dePropertyEditorToggle -in [gi::getWindows 2]
[23:16:30.81] /i db::setAttr shown -of [gi::getAssistants dePropertyEditor -from [gi::getWindows 2]] -value true
[23:16:33.07] /# gi::executeAction deAddPoint -in [gi::getWindows 2]
[23:16:33.07] /i de::addPoint {2.33125 1.18125} -window 2
[23:16:38.81] /i db::setAttr shown -of [gi::getAssistants dePropertyEditor -from [gi::getWindows 2]] -value false
[23:16:47.84] /# gi::executeAction deSelectByRegion -in [gi::getWindows 2]
[23:16:47.84] /i ide::selectByRegion
[23:16:49.39] /# gi::executeAction deStartDrag -in [gi::getWindows 2]
[23:16:49.39] /i de::startDrag {2.18125 1.34375} -window 2
[23:16:50.52] /# gi::executeAction deEndDrag -in [gi::getWindows 2]
[23:16:50.52] /i de::endDrag {2.66875 1.14375} -window 2
[23:16:55.10] /# gi::executeAction dePropertyEditorToggle -in [gi::getWindows 2]
[23:16:55.10] /i db::setAttr shown -of [gi::getAssistants dePropertyEditor -from [gi::getWindows 2]] -value true
[23:17:02.82] /i db::setPrefValue dePropertyEditorApplyToInstances -value all -scope [de::getContexts -window 2 ]
[23:17:02.86] /# gi::executeAction dePropertyEditorApplyToAllInsts -in [gi::getAssistants dePropertyEditor -from [gi::getWindows 2]]
[23:17:02.87] /o oa:0x22a41e50
[23:17:08.23] /i db::setPrefValue dePropertyEditorApplyToInstances -value current -scope [de::getContexts -window 2 ]
[23:17:08.27] /# gi::executeAction dePropertyEditorApplyToCurrentInst -in [gi::getAssistants dePropertyEditor -from [gi::getWindows 2]]
[23:17:08.27] /o oa:0x25f518b0
[23:17:25.56] /i db::setAttr shown -of [gi::getAssistants dePropertyEditor -from [gi::getWindows 2]] -value false
[23:17:32.38] /i gi::executeAction giCloseWindow -in [gi::getWindows 2]
[23:17:34.84] /m Information: License 'Schematic Editor' checked in. (LICENSE-004)
[23:17:35.18] /i gi::setActiveWindow 1
[23:17:35.25] /i gi::setActiveWindow 1 -raise true
[23:17:36.54] /i gi::setItemSelection {views} -index {} -in [gi::getWindows 1]
[23:17:36.64] /i gi::setItemSelection {views} -index {schematic} -in [gi::getWindows 1]
[23:17:36.71] /i gi::executeAction dmOpen -in [gi::getWindows 1]
[23:17:36.80] /m Information: License 'Schematic Editor' checked out. (LICENSE-003)
[23:17:36.83] /r giWindowId 3
[23:17:36.83] /r giWindowGeometry 1088x591
[23:17:39.34] /# gi::executeAction deSelectActive -in [gi::getWindows 3]
[23:17:39.34] /i de::select [de::getActiveFigure [gi::getWindows 3] -point {2.43125 1.2375} -index 0 -intent none] -replace true
[23:17:39.37] /o oa:0x25d2d5d0
[23:17:50.22] /# gi::executeAction dePropertyEditorToggle -in [gi::getWindows 3]
[23:17:50.22] /i db::setAttr shown -of [gi::getAssistants dePropertyEditor -from [gi::getWindows 3]] -value true
[23:18:01.25] /i gi::setItemSelection {parameters} -index {td,all} -in [gi::getAssistants dePropertyEditor -from [gi::getWindows 3]]
[23:18:01.37] /i gi::setCurrentIndex {parameters} -index {td,Value} -in [gi::getAssistants dePropertyEditor -from [gi::getWindows 3]]
[23:18:01.56] /i gi::setCurrentIndex {parameters} -index {tr,Value} -in [gi::getAssistants dePropertyEditor -from [gi::getWindows 3]]
[23:18:03.19] /i gi::setCurrentIndex {parameters} -index {td,Value} -in [gi::getAssistants dePropertyEditor -from [gi::getWindows 3]]
[23:18:10.86] /i gi::setField {parameters} -value {100p} -index {td,Value} -in [gi::getAssistants dePropertyEditor -from [gi::getWindows 3]]
[23:18:15.40] /i gi::setItemSelection {parameters} -index {tf,all} -in [gi::getAssistants dePropertyEditor -from [gi::getWindows 3]]
[23:18:15.51] /i gi::setCurrentIndex {parameters} -index {tf,Value} -in [gi::getAssistants dePropertyEditor -from [gi::getWindows 3]]
[23:18:21.74] /i gi::setField {parameters} -value {10p} -index {tf,Value} -in [gi::getAssistants dePropertyEditor -from [gi::getWindows 3]]
[23:18:21.77] /i gi::setItemSelection {parameters} -index {pw,all} -in [gi::getAssistants dePropertyEditor -from [gi::getWindows 3]]
[23:18:21.88] /i gi::setCurrentIndex {parameters} -index {pw,Value} -in [gi::getAssistants dePropertyEditor -from [gi::getWindows 3]]
[23:18:27.70] /i gi::setField {parameters} -value {2n} -index {pw,Value} -in [gi::getAssistants dePropertyEditor -from [gi::getWindows 3]]
[23:18:27.73] /i gi::setItemSelection {parameters} -index {per,all} -in [gi::getAssistants dePropertyEditor -from [gi::getWindows 3]]
[23:18:27.84] /i gi::setCurrentIndex {parameters} -index {per,Value} -in [gi::getAssistants dePropertyEditor -from [gi::getWindows 3]]
[23:18:36.66] /i gi::setField {parameters} -value {4n} -index {per,Value} -in [gi::getAssistants dePropertyEditor -from [gi::getWindows 3]]
[23:18:40.76] /i db::setAttr shown -of [gi::getAssistants dePropertyEditor -from [gi::getWindows 3]] -value false
[23:18:41.23] /r giDialog db::setAttr geometry -of [gi::getDialogs {dbSelectionChange} -parent [gi::getWindows 3]] -value 407x89+356+252
[23:18:41.35] /r giDialog gi::setActiveDialog [gi::getDialogs {dbSelectionChange} -parent [gi::getWindows 3]]
[23:18:42.22] /r giDialog gi::pressButton {apply} -in [gi::getDialogs {dbSelectionChange} -parent [gi::getWindows 3]]
[23:18:52.75] /# gi::executeAction seSchCheckAndSave -in [gi::getWindows 3]
[23:18:52.75] /i ise::check
[23:18:52.81] /m Information: 
[23:18:52.81] /o Checking "mylibrary/inverter_testbench/schematic"
[23:18:52.82] /o No rule violations found in "mylibrary/inverter_testbench/schematic"
[23:18:52.82] /m Information: Checking process is completed: marking the design violations
[23:18:53.08] /m Information: Marking of designs is completed
[23:18:53.08] /o 1
[23:20:07.43] /# gi::executeAction seShowConsoleForWindow -in [gi::getWindows 3]
[23:20:07.43] /i sa::showConsole -context [db::getNext [de::getContexts -window 3]]
[23:20:08.47] /m Information: License 'Simulation & Analysis Environment' checked out. (LICENSE-003)
[23:20:08.50] /r giWindowId 4
[23:20:08.51] /r giWindowGeometry 600x500
[23:20:09.13] /o oa:0x28b7f690
[23:20:14.15] /i gi::setActiveWindow 3
[23:20:14.19] /i gi::setActiveWindow 3 -raise true
[23:20:21.64] /i gi::setActiveWindow 4
[23:20:21.68] /i gi::setActiveWindow 4 -raise true
[23:20:22.64] /i gi::executeAction menuPreShow -in [gi::getWindows 4]
[23:20:22.67] /r giMenuAccess db::getNext [gi::getMenus saConsoleSetupMenu -from [gi::getWindows 4]]
[23:20:29.41] /# gi::executeAction saEditModels -in [gi::getWindows 4]
[23:20:29.41] /i sa::showModelFiles -parent 4
[23:20:29.86] /i gi::setActiveDialog [gi::getDialogs {saModelFilesSetup} -parent [gi::getWindows 4]]
[23:20:30.04] /i db::setAttr geometry -of [gi::getDialogs {saModelFilesSetup} -parent [gi::getWindows 4]] -value 760x500+73+0
[23:20:31.48] /i gi::setActiveWindow 3
[23:20:31.52] /i gi::setActiveWindow 3 -raise true
[23:20:42.48] /i gi::setField {PathSelector} -value {/usr/local/synopsys/pdk/SAED_PDK90nm/hspice/SAED90nm.lib} -in [gi::getDialogs {saModelFilesSetup} -parent [gi::getWindows 4]]
[23:20:42.51] /i gi::pressButton {ok} -in [gi::getDialogs {saModelFilesSetup} -parent [gi::getWindows 4]]
[23:20:44.68] /i gi::pressButton {PathSelectorBrowse} -in [gi::getDialogs {saModelFilesSetup} -parent [gi::getWindows 4]]
[23:21:59.63] /r giFileDialog reject ../../../../usr/local/synopsys/pdk/SAED_PDK90nm
[23:22:02.60] /i gi::setCurrentIndex {modelFilesTable} -index {0,1} -in [gi::getDialogs {saModelFilesSetup} -parent [gi::getWindows 4]]
[23:22:06.91] /i gi::setField {modelFilesTable} -index {0,1} -value {} -in [gi::getDialogs {saModelFilesSetup} -parent [gi::getWindows 4]]
[23:22:06.95] /i gi::setField {modelFilesTable} -index {0,1} -value {} -in [gi::getDialogs {saModelFilesSetup} -parent [gi::getWindows 4]]
[23:22:10.04] /i gi::setField {PathSelector} -value {} -in [gi::getDialogs {saModelFilesSetup} -parent [gi::getWindows 4]]
[23:22:18.27] /i gi::setField {modelFilesTable} -index {0,1} -value {/usr/local/synopsys/pdk/SAED_PDK90nm/hspice/SAED90nm.lib} -in [gi::getDialogs {saModelFilesSetup} -parent [gi::getWindows 4]]
[23:22:18.32] /i gi::setField {modelFilesTable} -index {0,1} -value {/usr/local/synopsys/pdk/SAED_PDK90nm/hspice/SAED90nm.lib} -in [gi::getDialogs {saModelFilesSetup} -parent [gi::getWindows 4]]
[23:22:26.89] /i gi::setCurrentIndex {modelFilesTable} -index {0,2} -in [gi::getDialogs {saModelFilesSetup} -parent [gi::getWindows 4]]
[23:22:26.95] /i gi::setItemSelection {modelFilesTable} -index {0,2} -in [gi::getDialogs {saModelFilesSetup} -parent [gi::getWindows 4]]
[23:22:33.41] /i gi::setField {modelFilesTable} -index {0,2} -value {TT_12} -in [gi::getDialogs {saModelFilesSetup} -parent [gi::getWindows 4]]
[23:22:47.33] /i gi::pressButton {ok} -in [gi::getDialogs {saModelFilesSetup} -parent [gi::getWindows 4]]
[23:22:48.35] /i gi::setActiveWindow 4
[23:22:48.38] /i gi::setActiveWindow 4 -raise true
[23:22:51.72] /i gi::executeAction menuPreShow -in [gi::getWindows 4]
[23:22:51.76] /r giMenuAccess db::getNext [gi::getMenus saConsoleSimMenu -from [gi::getWindows 4]]
[23:22:52.83] /i gi::executeAction menuPreShow -in [gi::getWindows 4]
[23:22:52.87] /r giMenuAccess db::getNext [gi::getMenus saVariablesMenu -from [gi::getWindows 4]]
[23:22:53.38] /i gi::executeAction menuPreShow -in [gi::getWindows 4]
[23:22:53.42] /r giMenuAccess db::getNext [gi::getMenus saConsoleSetupMenu -from [gi::getWindows 4]]
[23:22:55.53] /i gi::executeAction menuPreShow -in [gi::getWindows 4]
[23:22:55.57] /r giMenuAccess db::getNext [gi::getMenus saConsoleOutputsMenu -from [gi::getWindows 4]]
[23:22:56.93] /i gi::setActiveWindow 3
[23:22:56.96] /i gi::setActiveWindow 3 -raise true
[23:23:00.23] /i gi::setActiveWindow 4
[23:23:00.28] /i gi::setActiveWindow 4 -raise true
[23:23:00.86] /i gi::executeAction menuPreShow -in [gi::getWindows 4]
[23:23:00.90] /r giMenuAccess db::getNext [gi::getMenus saVariablesMenu -from [gi::getWindows 4]]
[23:23:01.44] /i gi::executeAction menuPreShow -in [gi::getWindows 4]
[23:23:01.48] /r giMenuAccess db::getNext [gi::getMenus saConsoleSetupMenu -from [gi::getWindows 4]]
[23:23:03.22] /# gi::executeAction saEditModels -in [gi::getWindows 4]
[23:23:03.22] /i sa::showModelFiles -parent 4
[23:23:03.60] /i gi::setActiveDialog [gi::getDialogs {saModelFilesSetup} -parent [gi::getWindows 4]]
[23:23:03.80] /i db::setAttr geometry -of [gi::getDialogs {saModelFilesSetup} -parent [gi::getWindows 4]] -value 760x500+73+0
[23:23:04.88] /i gi::setCurrentIndex {modelFilesTable} -index {0,1} -in [gi::getDialogs {saModelFilesSetup} -parent [gi::getWindows 4]]
[23:23:04.92] /i gi::setItemSelection {modelFilesTable} -index {0,1} -in [gi::getDialogs {saModelFilesSetup} -parent [gi::getWindows 4]]
[23:23:06.15] /i gi::setField {modelFilesTable} -index {0,1} -value {/usr/local/synopsys/pdk/SAED_PDK90nm/hspice/SAED90nm.lib} -in [gi::getDialogs {saModelFilesSetup} -parent [gi::getWindows 4]]
[23:23:06.19] /i gi::setField {modelFilesTable} -index {0,1} -value {/usr/local/synopsys/pdk/SAED_PDK90nm/hspice/SAED90nm.lib} -in [gi::getDialogs {saModelFilesSetup} -parent [gi::getWindows 4]]
[23:23:06.88] /i gi::pressButton {apply} -in [gi::getDialogs {saModelFilesSetup} -parent [gi::getWindows 4]]
[23:23:07.84] /i gi::pressButton {ok} -in [gi::getDialogs {saModelFilesSetup} -parent [gi::getWindows 4]]
[23:23:07.98] /i gi::setActiveWindow 3
[23:23:08.02] /i gi::setActiveWindow 3 -raise true
[23:23:16.71] /i gi::setActiveWindow 4
[23:23:16.75] /i gi::setActiveWindow 4 -raise true
[23:23:18.16] /i gi::executeAction menuPreShow -in [gi::getWindows 4]
[23:23:18.21] /r giMenuAccess db::getNext [gi::getMenus saConsoleSetupMenu -from [gi::getWindows 4]]
[23:23:20.33] /# gi::executeAction saShowEditAnalyses -in [gi::getWindows 4]
[23:23:20.33] /i sa::showEditAnalyses -parent 4 -analysisName "" 
[23:23:20.55] /o oa:0x28fe75c0
[23:23:20.94] /i gi::setActiveDialog [gi::getDialogs {saEditAnalysesDialogXsaeSession0} -parent [gi::getWindows 4]]
[23:23:21.44] /i db::setAttr geometry -of [gi::getDialogs {saEditAnalysesDialogXsaeSession0} -parent [gi::getWindows 4]] -value 511x596+103+98
[23:23:23.38] /i gi::setActiveWindow 3
[23:23:23.45] /i gi::setActiveWindow 3 -raise true
[23:23:31.75] /i gi::setField {/analysesGroups/tabGeneral/anaPane/step} -value {10p} -in [gi::getDialogs {saEditAnalysesDialogXsaeSession0} -parent [gi::getWindows 4]]
[23:23:38.51] /i gi::setField {/analysesGroups/tabGeneral/anaPane/stop} -value {100n} -in [gi::getDialogs {saEditAnalysesDialogXsaeSession0} -parent [gi::getWindows 4]]
[23:23:42.62] /i gi::setActiveWindow 4
[23:23:42.66] /i gi::setActiveWindow 4 -raise true
[23:23:43.13] /i gi::setActiveWindow 3
[23:23:43.17] /i gi::setActiveWindow 3 -raise true
[23:23:44.46] /# gi::executeAction deZoomOutAtPoint -in [gi::getWindows 3]
[23:23:44.46] /i de::zoom -window 3 -factor 0.5 -center {4.05625 1.65625}
[23:23:44.54] /o {-4.04375 -1.6625} {7.28125 3.425}
[23:23:44.54] /# gi::executeAction deZoomOutAtPoint -in [gi::getWindows 3]
[23:23:44.54] /i de::zoom -window 3 -factor 0.5 -center {5.0375 4.66875}
[23:23:44.61] /o {-13.125 -7.9875} {9.525 2.175}
[23:23:44.61] /# gi::executeAction deZoomOutAtPoint -in [gi::getWindows 3]
[23:23:44.61] /i de::zoom -window 3 -factor 0.5 -center {5.0375 4.66875}
[23:23:44.68] /o {-31.2875 -20.65} {14.0125 -0.3125}
[23:23:44.68] /# gi::executeAction deZoomOutAtPoint -in [gi::getWindows 3]
[23:23:44.68] /i de::zoom -window 3 -factor 0.5 -center {5.04375 4.66875}
[23:23:44.76] /o {-67.625 -45.9625} {22.9875 -5.3}
[23:23:44.76] /# gi::executeAction deZoomOutAtPoint -in [gi::getWindows 3]
[23:23:44.76] /i de::zoom -window 3 -factor 0.5 -center {5.0375 4.675}
[23:23:44.84] /o {-140.2875 -96.60625} {40.9375 -15.26875}
[23:23:50.73] /i gi::pressButton {/ok} -in [gi::getDialogs {saEditAnalysesDialogXsaeSession0} -parent [gi::getWindows 4]]
[23:23:51.46] /i gi::setActiveWindow 1
[23:23:51.50] /i gi::setActiveWindow 1 -raise true
[23:23:51.69] /i gi::setActiveWindow 3
[23:23:51.72] /i gi::setActiveWindow 3 -raise true
[23:24:05.26] /i gi::setActiveWindow 4
[23:24:05.30] /i gi::setActiveWindow 4 -raise true
[23:24:07.95] /i gi::setActiveWindow 3
[23:24:07.99] /i gi::setActiveWindow 3 -raise true
[23:24:08.65] /i gi::setActiveWindow 4
[23:24:08.69] /i gi::setActiveWindow 4 -raise true
[23:24:09.02] /i gi::setActiveWindow 3
[23:24:09.06] /i gi::setActiveWindow 3 -raise true
[23:24:09.22] /i gi::setActiveWindow 4
[23:24:09.26] /i gi::setActiveWindow 4 -raise true
[23:24:09.51] /i gi::setActiveWindow 3
[23:24:09.55] /i gi::setActiveWindow 3 -raise true
[23:24:09.71] /i gi::setActiveWindow 4
[23:24:09.75] /i gi::setActiveWindow 4 -raise true
[23:24:10.35] /i db::setAttr geometry -of [gi::getFrames 4] -value 601x499+0+0
[23:24:13.92] /i gi::setActiveWindow 3
[23:24:13.97] /i gi::setActiveWindow 3 -raise true
[23:24:14.21] /i db::setAttr geometry -of [gi::getFrames 4] -value 777x385+0+0
[23:24:14.67] /i gi::setActiveWindow 4
[23:24:14.71] /i gi::setActiveWindow 4 -raise true
[23:24:15.85] /i gi::executeAction menuPreShow -in [gi::getWindows 4]
[23:24:15.89] /r giMenuAccess db::getNext [gi::getMenus saConsoleSetupMenu -from [gi::getWindows 4]]
[23:24:17.86] /i gi::setActiveWindow 3
[23:24:17.90] /i gi::setActiveWindow 3 -raise true
[23:24:20.59] /i gi::setActiveWindow 4
[23:24:20.63] /i gi::setActiveWindow 4 -raise true
[23:24:21.75] /# gi::executeAction saShowEditAnalyses -in [gi::getWindows 4]
[23:24:21.75] /i sa::showEditAnalyses -parent 4 -analysisName "" 
[23:24:21.90] /o oa:0x29373b70
[23:24:22.31] /i gi::setActiveDialog [gi::getDialogs {saEditAnalysesDialogXsaeSession0} -parent [gi::getWindows 4]]
[23:24:22.56] /i db::setAttr geometry -of [gi::getDialogs {saEditAnalysesDialogXsaeSession0} -parent [gi::getWindows 4]] -value 511x596+103+98
[23:24:23.08] /i gi::setActiveWindow 3
[23:24:23.12] /i gi::setActiveWindow 3 -raise true
[23:24:25.45] /i gi::setActiveWindow 4
[23:24:25.50] /i gi::setActiveWindow 4 -raise true
[23:24:27.10] /i gi::setActiveWindow 3
[23:24:27.14] /i gi::setActiveWindow 3 -raise true
[23:24:34.51] /i gi::setActiveWindow 4
[23:24:34.55] /i gi::setActiveWindow 4 -raise true
[23:24:36.99] /i gi::setActiveWindow 3
[23:24:37.02] /i gi::setActiveWindow 3 -raise true
[23:24:37.20] /i gi::setActiveWindow 1
[23:24:37.24] /i gi::setActiveWindow 1 -raise true
[23:24:37.94] /i gi::setActiveWindow 3
[23:24:37.98] /i gi::setActiveWindow 3 -raise true
[23:24:38.16] /i gi::setActiveWindow 4
[23:24:38.20] /i gi::setActiveWindow 4 -raise true
[23:24:38.54] /i gi::setActiveWindow 3
[23:24:38.58] /i gi::setActiveWindow 3 -raise true
[23:24:39.24] /i gi::setActiveWindow 4
[23:24:39.27] /i gi::setActiveWindow 4 -raise true
[23:24:39.56] /i gi::setActiveWindow 3
[23:24:39.60] /i gi::setActiveWindow 3 -raise true
[23:24:41.03] /i gi::setActiveWindow 4
[23:24:41.07] /i gi::setActiveWindow 4 -raise true
[23:24:47.65] /i gi::setActiveWindow 0
[23:24:47.68] /i gi::setActiveWindow 0 -raise true
[23:24:47.88] /i gi::setActiveWindow 3
[23:24:47.92] /i gi::setActiveWindow 3 -raise true
[23:24:48.12] /i gi::setActiveWindow 4
[23:24:48.16] /i gi::setActiveWindow 4 -raise true
[23:24:49.69] /i gi::setField {/analysesGroups/tabGeneral/analysisTypeSel/dc} -value {true} -in [gi::getDialogs {saEditAnalysesDialogXsaeSession0} -parent [gi::getWindows 4]]
[23:24:51.06] /i gi::setActiveWindow 3
[23:24:51.10] /i gi::setActiveWindow 3 -raise true
[23:24:51.41] /i gi::setActiveWindow 0
[23:24:51.45] /i gi::setActiveWindow 0 -raise true
[23:24:53.06] /i gi::setActiveWindow 3
[23:24:53.09] /i gi::setActiveWindow 3 -raise true
[23:24:53.30] /i gi::setActiveWindow 0
[23:24:53.34] /i gi::setActiveWindow 0 -raise true
[23:24:55.82] /i gi::setActiveWindow 4
[23:24:55.86] /i gi::setActiveWindow 4 -raise true
[23:24:59.98] /i gi::setActiveWindow 3
[23:25:00.02] /i gi::setActiveWindow 3 -raise true
[23:25:03.38] /i gi::pressButton {/analysesGroups/tabGeneral/anaPane/gsource} -in [gi::getDialogs {saEditAnalysesDialogXsaeSession0} -parent [gi::getWindows 4]]
[23:25:07.63] /# gi::executeAction deZoomInAtPoint -in [gi::getWindows 3]
[23:25:07.63] /i de::zoom -window 3 -factor 2.0 -center {-54.44375 -60.1875}
[23:25:07.71] /o {-97.3625 -78.39375} {-6.75625 -37.73125}
[23:25:07.77] /# gi::executeAction deZoomInAtPoint -in [gi::getWindows 3]
[23:25:07.77] /i de::zoom -window 3 -factor 2.0 -center {-54.44375 -60.275}
[23:25:07.84] /o {-75.90625 -69.3375} {-30.6 -49.0}
[23:25:08.35] /# gi::executeAction deZoomOutAtPoint -in [gi::getWindows 3]
[23:25:08.35] /i de::zoom -window 3 -factor 0.5 -center {-54.53125 -60.1}
[23:25:08.42] /o {-97.275 -78.56875} {-6.66875 -37.90625}
[23:25:08.44] /# gi::executeAction deZoomOutAtPoint -in [gi::getWindows 3]
[23:25:08.44] /i de::zoom -window 3 -factor 0.5 -center {-54.53125 -60.1}
[23:25:08.51] /o {-140.025 -97.04375} {41.2 -15.70625}
[23:25:08.51] /# gi::executeAction deZoomOutAtPoint -in [gi::getWindows 3]
[23:25:08.52] /i de::zoom -window 3 -factor 0.5 -center {-54.7 -59.93125}
[23:25:08.59] /o {-225.35 -134.15} {137.1 28.5125}
[23:25:08.59] /# gi::executeAction deZoomOutAtPoint -in [gi::getWindows 3]
[23:25:08.59] /i de::zoom -window 3 -factor 0.5 -center {-54.70625 -59.93125}
[23:25:08.66] /o {-395.9875 -208.375} {328.9 116.9625}
[23:25:08.71] /# gi::executeAction deZoomOutAtPoint -in [gi::getWindows 3]
[23:25:08.71] /i de::zoom -window 3 -factor 0.5 -center {-54.7 -59.925}
[23:25:08.78] /o {-737.275 -356.81875} {712.5 293.84375}
[23:25:09.19] /# gi::executeAction deZoomInAtPoint -in [gi::getWindows 3]
[23:25:09.19] /i de::zoom -window 3 -factor 2.0 -center {-56.0875 -59.93125}
[23:25:09.26] /o {-396.68125 -208.375} {328.20625 116.95625}
[23:25:09.28] /# gi::executeAction deZoomInAtPoint -in [gi::getWindows 3]
[23:25:09.28] /i de::zoom -window 3 -factor 2.0 -center {-56.0875 -59.93125}
[23:25:09.36] /o {-226.3875 -134.15625} {136.0625 28.5125}
[23:25:09.75] /# gi::executeAction deZoomOutAtPoint -in [gi::getWindows 3]
[23:25:09.75] /i de::zoom -window 3 -factor 0.5 -center {-56.0875 -59.93125}
[23:25:09.83] /o {-396.68125 -208.375} {328.20625 116.95625}
[23:25:09.83] /# gi::executeAction deZoomOutAtPoint -in [gi::getWindows 3]
[23:25:09.83] /i de::zoom -window 3 -factor 0.5 -center {-56.0875 -59.93125}
[23:25:09.90] /o {-737.275 -356.81875} {712.5 293.84375}
[23:25:09.93] /# gi::executeAction deZoomOutAtPoint -in [gi::getWindows 3]
[23:25:09.93] /i de::zoom -window 3 -factor 0.5 -center {-56.0875 -59.93125}
[23:25:09.97] /w Warning: Could not zoom to factor '0.00225' because the length and width of the design must both remain at least one pixel in size. (CANVAS-002)
[23:25:10.01] /o {-1179.25 -549.45} {1211.1875 523.3875}
[23:25:10.01] /# gi::executeAction deZoomOutAtPoint -in [gi::getWindows 3]
[23:25:10.01] /i de::zoom -window 3 -factor 0.5 -center {-56.0875 -59.925}
[23:25:10.05] /w Warning: Could not zoom to factor '0.00137' because the length and width of the design must both remain at least one pixel in size. (CANVAS-002)
[23:25:10.09] /o {-1179.25 -549.45} {1211.1875 523.3875}
[23:25:10.39] /# gi::executeAction deZoomOutAtPoint -in [gi::getWindows 3]
[23:25:10.39] /i de::zoom -window 3 -factor 0.5 -center {-60.6625 -55.35}
[23:25:10.44] /w Warning: Could not zoom to factor '0.00137' because the length and width of the design must both remain at least one pixel in size. (CANVAS-002)
[23:25:10.47] /o {-1179.25 -549.45} {1211.1875 523.3875}
[23:25:10.49] /# gi::executeAction deZoomOutAtPoint -in [gi::getWindows 3]
[23:25:10.49] /i de::zoom -window 3 -factor 0.5 -center {-65.2375 -55.35}
[23:25:10.54] /w Warning: Could not zoom to factor '0.00137' because the length and width of the design must both remain at least one pixel in size. (CANVAS-002)
[23:25:10.59] /o {-1179.25 -549.45} {1211.1875 523.3875}
[23:25:10.59] /# gi::executeAction deZoomOutAtPoint -in [gi::getWindows 3]
[23:25:10.59] /i de::zoom -window 3 -factor 0.5 -center {-65.2375 -55.35}
[23:25:10.64] /w Warning: Could not zoom to factor '0.00137' because the length and width of the design must both remain at least one pixel in size. (CANVAS-002)
[23:25:10.69] /o {-1179.25 -549.45} {1211.1875 523.3875}
[23:25:17.16] /# gi::executeAction deFitSelected -in [gi::getWindows 3]
[23:25:17.16] /i de::fit -window 3 -set [de::getSelected -design [db::getAttr editDesign -of [db::getNext [de::getContexts -window 3]]]]
[23:25:17.23] /o {1.1375 0.69375} {3.6125 1.80625}
[23:25:18.69] /# gi::executeAction deZoomOutAtPoint -in [gi::getWindows 3]
[23:25:18.69] /i de::zoom -window 3 -factor 0.5 -center {2.6625 1.29375}
[23:25:18.76] /o {-0.3875 0.09375} {4.5625 2.31875}
[23:25:22.34] /# gi::executeAction deAddPoint -in [gi::getWindows 3]
[23:25:22.34] /i de::addPoint {2.48125 1.50625} -window 3
[23:25:42.30] /i gi::executeAction giCloseWindow -in [gi::getWindows 3]
[23:25:44.47] /m Information: License 'Schematic Editor' checked in. (LICENSE-004)
[23:25:50.55] /i gi::pressButton {/ok} -in [gi::getDialogs {saEditAnalysesDialogXsaeSession0} -parent [gi::getWindows 4]]
[23:25:57.39] /i gi::executeAction menuPreShow -in [gi::getWindows 4]
[23:25:57.42] /r giMenuAccess db::getNext [gi::getMenus saConsoleSetupMenu -from [gi::getWindows 4]]
[23:25:58.90] /# gi::executeAction saShowEditAnalyses -in [gi::getWindows 4]
[23:25:58.90] /i sa::showEditAnalyses -parent 4 -analysisName "" 
[23:25:59.11] /o oa:0x260d02a0
[23:26:00.03] /i db::setAttr geometry -of [gi::getDialogs {saEditAnalysesDialogXsaeSession0} -parent [gi::getWindows 4]] -value 511x596+103+98
[23:26:46.00] /i gi::pressButton {/analysesGroups/tabGeneral/anaPane/gsource} -in [gi::getDialogs {saEditAnalysesDialogXsaeSession0} -parent [gi::getWindows 4]]
[23:26:46.09] /r giWindowId 5
[23:26:46.09] /r giWindowGeometry 1088x591
[23:26:48.69] /# gi::executeAction deAddPoint -in [gi::getWindows 5]
[23:26:48.69] /i de::addPoint {2.46875 1.5} -window 5
[23:26:51.29] /# gi::executeAction deAddPoint -in [gi::getWindows 5]
[23:26:51.29] /i de::addPoint {2.4125 1.275} -window 5
[23:26:51.64] /i de::commandOption acceptDelayedAddPoint
[23:26:58.39] /i gi::setActiveWindow 5
[23:26:58.42] /i gi::setActiveWindow 5 -raise true
[23:26:58.47] /# gi::executeAction deSelectActive -in [gi::getWindows 5]
[23:26:58.47] /i de::select [de::getActiveFigure [gi::getWindows 5] -point {2.325 1.1875} -index 0 -intent none] -replace true
[23:26:58.51] /o oa:0x25cd6120
[23:26:58.74] /# gi::executeAction deDescend -in [gi::getWindows 5]
[23:26:58.74] /i ide::descend 5 -inPlace false -promptView false -readOnly [expr ![de::isEditable [db::getNext [de::getContexts -window 5]]]]
[23:26:58.79] /# Navigating to analogLib/vpulse/hspice (V2)
[23:27:02.75] /o 0.1
[23:27:06.23] /# gi::executeAction deZoomOutAtPoint -in [gi::getWindows 5]
[23:27:06.23] /i de::zoom -window 5 -factor 0.5 -center {0.26875 -0.2375}
[23:27:06.32] /o {-1.65625 -0.725} {1.06875 0.5}
[23:27:11.33] /i gi::executeAction menuPreShow -in [gi::getWindows 4]
[23:27:11.36] /r giMenuAccess db::getNext [gi::getMenus saConsoleSetupMenu -from [gi::getWindows 4]]
[23:27:12.89] /# gi::executeAction saShowEditAnalyses -in [gi::getWindows 4]
[23:27:12.89] /i sa::showEditAnalyses -parent 4 -analysisName "" 
[23:27:12.95] /o oa:0x290f78e0
[23:27:14.11] /i gi::setActiveWindow 4
[23:27:14.14] /i gi::setActiveWindow 4 -raise true
[23:27:28.37] /i gi::setField {/analysesGroups/tabGeneral/anaPane/start} -value {0} -in [gi::getDialogs {saEditAnalysesDialogXsaeSession0} -parent [gi::getWindows 4]]
[23:27:30.99] /i gi::setField {/analysesGroups/tabGeneral/anaPane/stop} -value {1.2} -in [gi::getDialogs {saEditAnalysesDialogXsaeSession0} -parent [gi::getWindows 4]]
[23:27:34.48] /i gi::setField {/analysesGroups/tabGeneral/anaPane/stepSize} -value {0.01} -in [gi::getDialogs {saEditAnalysesDialogXsaeSession0} -parent [gi::getWindows 4]]
[23:27:46.00] /i gi::pressButton {/ok} -in [gi::getDialogs {saEditAnalysesDialogXsaeSession0} -parent [gi::getWindows 4]]
[23:28:00.61] /# gi::executeAction deZoomOutAtPoint -in [gi::getWindows 5]
[23:28:00.61] /i de::zoom -window 5 -factor 0.5 -center {0.5875 -0.28125}
[23:28:00.69] /o {-3.9 -1.16875} {1.55 1.28125}
[23:28:00.72] /# gi::executeAction deZoomOutAtPoint -in [gi::getWindows 5]
[23:28:00.72] /i de::zoom -window 5 -factor 0.5 -center {0.575 -0.28125}
[23:28:00.79] /o {-8.36875 -2.05} {2.51875 2.8375}
[23:28:00.88] /# gi::executeAction deZoomInAtPoint -in [gi::getWindows 5]
[23:28:00.88] /i de::zoom -window 5 -factor 2.0 -center {0.53125 -0.26875}
[23:28:00.95] /o {-3.91875 -1.1625} {1.525 1.2875}
[23:28:00.95] /# gi::executeAction deZoomInAtPoint -in [gi::getWindows 5]
[23:28:00.95] /i de::zoom -window 5 -factor 2.0 -center {0.53125 -0.26875}
[23:28:01.02] /o {-1.69375 -0.7125} {1.03125 0.50625}
[23:28:01.02] /# gi::executeAction deZoomInAtPoint -in [gi::getWindows 5]
[23:28:01.02] /i de::zoom -window 5 -factor 2.0 -center {0.53125 -0.26875}
[23:28:01.09] /o {-0.58125 -0.49375} {0.78125 0.11875}
[23:28:01.65] /# gi::executeAction deZoomOutAtPoint -in [gi::getWindows 5]
[23:28:01.65] /i de::zoom -window 5 -factor 0.5 -center {0.5125 -0.26875}
[23:28:01.73] /o {-1.675 -0.7125} {1.05 0.50625}
[23:28:03.77] /i gi::setActiveWindow 5
[23:28:03.80] /i gi::setActiveWindow 5 -raise true
[23:28:03.85] /# gi::executeAction deSelectActive -in [gi::getWindows 5]
[23:28:04.02] /w Warning: Nothing is bound to the 'Button1-Double' in the current active set. (WINDOW-015)
[23:28:04.93] /# gi::executeAction deRepeatCommand -in [gi::getWindows 5]
[23:28:04.93] /i de::repeatCommand -window 5
[23:28:30.67] /i gi::setActiveWindow 4
[23:28:30.71] /i gi::setActiveWindow 4 -raise true
[23:28:30.75] /i gi::setCurrentIndex {outputsTable} -index {0,0} -in [gi::getWindows 4]
[23:28:52.10] /i gi::executeAction menuPreShow -in [gi::getWindows 4]
[23:28:52.13] /r giMenuAccess db::getNext [gi::getMenus saConsoleSetupMenu -from [gi::getWindows 4]]
[23:28:53.58] /i gi::executeAction menuPreShow -in [gi::getWindows 4]
[23:28:53.61] /r giMenuAccess db::getNext [gi::getMenus saConsoleSessionMenu -from [gi::getWindows 4]]
[23:28:55.09] /i gi::executeAction menuPreShow -in [gi::getWindows 4]
[23:28:55.12] /r giMenuAccess db::getNext [gi::getMenus saConsoleSessionMenu -from [gi::getWindows 4]]
[23:28:56.42] /i gi::executeAction giCloseWindow -in [gi::getWindows 4]
[23:28:56.98] /r giDialog db::setAttr geometry -of [gi::getDialogs {giPrompt} -parent [gi::getWindows 4]] -value 295x89+231+108
[23:29:07.65] /r giDialog gi::pressButton {save} -in [gi::getDialogs {giPrompt} -parent [gi::getWindows 4]]
[23:29:08.47] /r giDialog db::setAttr geometry -of [gi::getDialogs {saShowSaveState} -parent [gi::getWindows 4]] -value 463x477+164+19
[23:29:11.11] /r giDialog gi::pressButton {/cancel} -in [gi::getDialogs {saShowSaveState} -parent [gi::getWindows 4]]
[23:29:36.11] /i gi::setField {outputsTable} -index {0,0} -value {VOUT} -in [gi::getWindows 4]
[23:29:36.14] /i gi::setCurrentIndex {outputsTable} -index {0,1} -in [gi::getWindows 4]
[23:29:36.18] /i gi::setItemSelection {outputsTable} -index {0,1} -in [gi::getWindows 4]
[23:29:36.21] /i gi::setItemSelection {outputsTable} -index {0,1} -in [gi::getWindows 4]
[23:29:36.32] /i gi::setSectionSizes {outputsTable} -values {74 443 71 49 30 30} -in [gi::getWindows 4]
[23:29:46.17] /i sa::selectOutputs -outputIndex 0 -window [gi::getWindows 4]
[23:29:46.44] /i gi::setField {outputsTable} -index {0,0} -value {} -in [gi::getWindows 4]
[23:29:51.03] /i gi::executeAction deNavigateToLevel0 -in [gi::getWindows 5]
[23:29:51.07] /# Navigating to mylibrary/inverter_testbench/schematic
[23:30:01.87] /# gi::executeAction deAddPoint -in [gi::getWindows 5]
[23:30:01.87] /i de::addPoint {4.18125 1.425} -window 5
[23:30:05.48] /i gi::setCurrentIndex {outputsTable} -index {0,2} -in [gi::getWindows 4]
[23:30:05.52] /i gi::setItemSelection {outputsTable} -index {0,2} -in [gi::getWindows 4]
[23:30:05.55] /i gi::setItemSelection {outputsTable} -index {0,2} -in [gi::getWindows 4]
[23:30:09.91] /i gi::setField {outputsTable} -index {0,2} -value {dc} -in [gi::getWindows 4]
[23:30:10.53] /i gi::setField {outputsTable} -index {0,2} -value {dc\ tran} -in [gi::getWindows 4]
[23:30:26.85] /i gi::setField {outputsTable} -index {0,2} -value {dc\ tran} -in [gi::getWindows 4]
[23:30:26.89] /i gi::setCurrentIndex {outputsTable} -index {1,0} -in [gi::getWindows 4]
[23:30:26.92] /i gi::setItemSelection {outputsTable} -index {} -in [gi::getWindows 4]
[23:30:26.96] /i gi::setItemSelection {outputsTable} -index {} -in [gi::getWindows 4]
[23:30:36.78] /i gi::setField {outputsTable} -index {1,0} -value {VIN} -in [gi::getWindows 4]
[23:30:36.82] /i gi::setCurrentIndex {outputsTable} -index {1,1} -in [gi::getWindows 4]
[23:30:36.86] /i gi::setItemSelection {outputsTable} -index {1,1} -in [gi::getWindows 4]
[23:30:36.90] /i gi::setItemSelection {outputsTable} -index {1,1} -in [gi::getWindows 4]
[23:30:44.84] /# gi::executeAction deZoomInAtPoint -in [gi::getWindows 5]
[23:30:44.84] /i de::zoom -window 5 -factor 2.0 -center {3.56875 0.96875}
[23:30:44.91] /o {1.7875 0.48125} {4.61875 1.75625}
[23:30:45.59] /# gi::executeAction deZoomOutAtPoint -in [gi::getWindows 5]
[23:30:45.59] /i de::zoom -window 5 -factor 0.5 -center {3.33125 0.96875}
[23:30:45.67] /o {0.24375 0.0} {5.90625 2.5375}
[23:30:46.09] /# gi::executeAction deZoomOutAtPoint -in [gi::getWindows 5]
[23:30:46.09] /i de::zoom -window 5 -factor 0.5 -center {3.30625 0.98125}
[23:30:46.17] /o {-2.81875 -0.9875} {8.50625 4.1}
[23:30:47.44] /# gi::executeAction deZoomInAtPoint -in [gi::getWindows 5]
[23:30:47.44] /i de::zoom -window 5 -factor 2.0 -center {2.925 1.19375}
[23:30:47.51] /o {0.05 0.10625} {5.71875 2.64375}
[23:30:50.91] /# gi::executeAction deZoomInAtPoint -in [gi::getWindows 5]
[23:30:50.91] /i de::zoom -window 5 -factor 2.0 -center {3.28125 0.96875}
[23:30:50.98] /o {1.66875 0.5375} {4.5 1.80625}
[23:30:51.57] /# gi::executeAction deZoomOutAtPoint -in [gi::getWindows 5]
[23:30:51.57] /i de::zoom -window 5 -factor 0.5 -center {3.1875 0.9625}
[23:30:51.64] /o {0.14375 0.1125} {5.8125 2.65}
[23:30:52.58] /# gi::executeAction deZoomOutAtPoint -in [gi::getWindows 5]
[23:30:52.58] /i de::zoom -window 5 -factor 0.5 -center {3.30625 0.73125}
[23:30:52.66] /o {-3.0125 -0.5125} {8.3125 4.575}
[23:30:53.49] /# gi::executeAction deZoomOutAtPoint -in [gi::getWindows 5]
[23:30:53.49] /i de::zoom -window 5 -factor 0.5 -center {2.675 1.51875}
[23:30:53.56] /o {-8.7 -2.5375} {13.95 7.625}
[23:30:54.38] /# gi::executeAction deZoomInAtPoint -in [gi::getWindows 5]
[23:30:54.38] /i de::zoom -window 5 -factor 2.0 -center {2.56875 1.90625}
[23:30:54.45] /o {-3.06875 -0.31875} {8.2625 4.76875}
[23:30:55.21] /# gi::executeAction deZoomInAtPoint -in [gi::getWindows 5]
[23:30:55.21] /i de::zoom -window 5 -factor 2.0 -center {2.5375 1.39375}
[23:30:55.29] /o {-0.2625 0.5375} {5.4 3.08125}
[23:30:56.38] /# gi::executeAction deZoomInAtPoint -in [gi::getWindows 5]
[23:30:56.38] /i de::zoom -window 5 -factor 2.0 -center {2.48125 1.61875}
[23:30:56.45] /o {1.10625 1.08125} {3.9375 2.35}
[23:30:57.55] /# gi::executeAction deZoomOutAtPoint -in [gi::getWindows 5]
[23:30:57.55] /i de::zoom -window 5 -factor 0.5 -center {2.55 1.5375}
[23:30:57.62] /o {-0.33125 0.61875} {5.33125 3.1625}
[23:31:01.19] /i sa::selectOutputs -outputIndex 1 -window [gi::getWindows 4]
[23:31:01.45] /i gi::setField {outputsTable} -index {1,0} -value {} -in [gi::getWindows 4]
[23:31:14.25] /# gi::executeAction deAddPoint -in [gi::getWindows 5]
[23:31:14.25] /i de::addPoint {2.8375 1.41875} -window 5
[23:31:18.79] /i gi::setCurrentIndex {outputsTable} -index {1,2} -in [gi::getWindows 4]
[23:31:18.82] /i gi::setItemSelection {outputsTable} -index {1,2} -in [gi::getWindows 4]
[23:31:18.86] /i gi::setItemSelection {outputsTable} -index {1,2} -in [gi::getWindows 4]
[23:31:25.98] /i gi::setField {outputsTable} -index {1,2} -value {dc} -in [gi::getWindows 4]
[23:31:26.62] /i gi::setField {outputsTable} -index {1,2} -value {dc\ tran} -in [gi::getWindows 4]
[23:31:32.26] /i gi::setField {outputsTable} -index {1,2} -value {dc\ tran} -in [gi::getWindows 4]
[23:31:36.76] /i db::setAttr geometry -of [gi::getFrames 4] -value 781x441+0+0
[23:31:44.65] /i gi::setCurrentIndex {outputsTable} -index {2,0} -in [gi::getWindows 4]
[23:31:44.69] /i gi::setItemSelection {outputsTable} -index {} -in [gi::getWindows 4]
[23:31:44.72] /i gi::setItemSelection {outputsTable} -index {} -in [gi::getWindows 4]
[23:32:09.52] /i gi::setField {outputsTable} -index {2,0} -value {isupply} -in [gi::getWindows 4]
[23:32:09.56] /i gi::setCurrentIndex {outputsTable} -index {2,1} -in [gi::getWindows 4]
[23:32:09.59] /i gi::setItemSelection {outputsTable} -index {2,1} -in [gi::getWindows 4]
[23:32:09.63] /i gi::setItemSelection {outputsTable} -index {2,1} -in [gi::getWindows 4]
[23:32:09.75] /i gi::setSectionSizes {outputsTable} -values {74 447 71 49 30 30} -in [gi::getWindows 4]
[23:32:34.71] /i sa::selectOutputs -outputIndex 2 -window [gi::getWindows 4]
[23:32:34.97] /i gi::setField {outputsTable} -index {2,0} -value {} -in [gi::getWindows 4]
[23:32:38.42] /# gi::executeAction deAddPoint -in [gi::getWindows 5]
[23:32:38.42] /i de::addPoint {2.575 1.9875} -window 5
[23:32:41.20] /i gi::setCurrentIndex {outputsTable} -index {2,2} -in [gi::getWindows 4]
[23:32:41.23] /i gi::setItemSelection {outputsTable} -index {2,2} -in [gi::getWindows 4]
[23:32:41.27] /i gi::setItemSelection {outputsTable} -index {2,2} -in [gi::getWindows 4]
[23:32:49.98] /i gi::setField {outputsTable} -index {2,2} -value {dc} -in [gi::getWindows 4]
[23:32:50.55] /i gi::setField {outputsTable} -index {2,2} -value {dc\ tran} -in [gi::getWindows 4]
[23:32:53.01] /i gi::setField {outputsTable} -index {2,2} -value {dc\ tran} -in [gi::getWindows 4]
[23:32:57.87] /i gi::executeAction menuPreShow -in [gi::getWindows 4]
[23:32:57.91] /r giMenuAccess db::getNext [gi::getMenus saConsoleSessionMenu -from [gi::getWindows 4]]
[23:33:00.65] /# gi::executeAction saSaveState -in [gi::getWindows 4]
[23:33:00.65] /i sa::showSaveState -parent 4
[23:33:00.83] /o oa:0x23c0a490
[23:33:01.53] /i db::setAttr geometry -of [gi::getDialogs {saShowSaveState} -parent [gi::getWindows 4]] -value 463x477+207+110
[23:33:11.96] /i gi::setField {/saveTo/openAccess} -value {true} -in [gi::getDialogs {saShowSaveState} -parent [gi::getWindows 4]]
[23:33:12.40] /i db::setAttr geometry -of [gi::getDialogs {saShowSaveState} -parent [gi::getWindows 4]] -value 463x535+207+110
[23:33:31.20] /i gi::setField {/saveTo/statesDirectory} -value {true} -in [gi::getDialogs {saShowSaveState} -parent [gi::getWindows 4]]
[23:33:31.67] /i db::setAttr geometry -of [gi::getDialogs {saShowSaveState} -parent [gi::getWindows 4]] -value 463x477+207+110
[23:33:33.67] /i gi::setField {/saveTo/openAccess} -value {true} -in [gi::getDialogs {saShowSaveState} -parent [gi::getWindows 4]]
[23:33:34.21] /i db::setAttr geometry -of [gi::getDialogs {saShowSaveState} -parent [gi::getWindows 4]] -value 463x535+207+110
[23:33:40.63] /# gi::executeAction saSaveScript -in [gi::getWindows 4]
[23:33:40.63] /i sa::showSaveScript -parent 4
[23:33:40.70] /o oa:0x298b5790
[23:33:40.86] /# gi::executeAction saSaveScript -in [gi::getWindows 4]
[23:33:40.86] /i sa::showSaveScript -parent 4
[23:33:40.90] /e Error: Dialog with name 'saSaveScriptDlg' already exist. (OPAL-004)
[23:33:41.08] /# gi::executeAction saSaveScript -in [gi::getWindows 4]
[23:33:41.08] /i sa::showSaveScript -parent 4
[23:33:41.13] /e Error: Dialog with name 'saSaveScriptDlg' already exist. (OPAL-004)
[23:33:41.42] /i db::setAttr geometry -of [gi::getDialogs {saSaveScriptDlg} -parent [gi::getWindows 4]] -value 288x215+315+115
[23:33:47.63] /i gi::pressButton {/cancel} -in [gi::getDialogs {saSaveScriptDlg} -parent [gi::getWindows 4]]
[23:33:59.64] /# gi::executeAction saPlotTransient -in [gi::getWindows 4]
[23:33:59.64] /i sa::directPlot tran -window 4
[23:33:59.90] /i gi::executeAction deObjectActivation -in [gi::getWindows 5]
[23:34:00.02] /i gi::executeAction deObjectActivation -in [gi::getWindows 5]
[23:34:00.07] /e Error: Can not execute 'r' binding because target action seRotateCCWCenter is disabled. (WINDOW-118)
[23:34:05.55] /i gi::setActiveWindow 4
[23:34:05.59] /i gi::setActiveWindow 4 -raise true
[23:34:25.09] /# gi::executeAction seShowConsoleForWindow -in [gi::getWindows 5]
[23:34:25.09] /i sa::showConsole -context [db::getNext [de::getContexts -window 5]]
[23:34:25.23] /o oa:0x298ef060
[23:34:31.13] /i gi::executeAction menuPreShow -in [gi::getWindows 4]
[23:34:31.16] /r giMenuAccess db::getNext [gi::getMenus saConsoleSessionMenu -from [gi::getWindows 4]]
[23:34:32.80] /# gi::executeAction saSaveState -in [gi::getWindows 4]
[23:34:32.80] /i sa::showSaveState -parent 4
[23:34:32.86] /o oa:0x2933ead0
[23:34:50.40] /i gi::setField {/name} -value {Tran_DC_SAE2} -in [gi::getDialogs {saShowSaveState} -parent [gi::getWindows 4]]
[23:34:53.90] /i gi::setField {/name} -value {Tran_DC_SAE4} -in [gi::getDialogs {saShowSaveState} -parent [gi::getWindows 4]]
[23:35:00.37] /i gi::pressButton {/ok} -in [gi::getDialogs {saShowSaveState} -parent [gi::getWindows 4]]
[23:35:11.89] /i gi::executeAction menuPreShow -in [gi::getWindows 4]
[23:35:11.93] /r giMenuAccess db::getNext [gi::getMenus saConsoleSimMenu -from [gi::getWindows 4]]
[23:35:18.76] /# gi::executeAction saNetlistAndRun -in [gi::getWindows 4]
[23:35:18.76] /i isa::netlistAndRun -testbench [sa::findActiveTestbench -window 4]
[23:35:18.90] /m Information: "Starting incremental netlisting for design "mylibrary/inverter_testbench/schematic"..." (NETLISTING-010)
[23:35:18.93] /o No Design Integrity rule violations found in "mylibrary/inverter_testbench/schematic"
[23:35:19.11] /m Information: "mylibrary inverter schematic" renetlisted. (NETLISTING-056)
[23:35:19.23] /m Information: "mylibrary inverter_testbench schematic" renetlisted. (NETLISTING-056)
[23:35:19.25] /m Information: "Netlisting design "mylibrary/inverter_testbench/schematic" finished successfully." (NETLISTING-012)
[23:35:19.25] /m Information: "Composing simulator input file for design "mylibrary/inverter_testbench/schematic"..."
[23:35:19.31] /m Information: "Simulator input file composed successfully for design "mylibrary/inverter_testbench/schematic""
[23:35:19.70] /r giWindowId 6
[23:35:19.70] /r giWindowGeometry 800x600
[23:35:20.03] /# gi::expand {jobMonitorTable} -index {0,0} -in [gi::getWindows 6]
[23:35:20.03] /# gi::expand {jobMonitorTable} -index {0.0,0} -in [gi::getWindows 6]
[23:35:20.21] /m Information: "Starting HSPICE simulation for design: mylibrary/inverter_testbench/schematic"
[23:35:20.21] /# gi::collapse {jobMonitorTable} -index {0.0,0} -in [gi::getWindows 6]
[23:35:20.24] /o 1
[23:35:20.24] /i gi::expand {jobMonitorTable} -index {0.0,0} -in [gi::getWindows 6]
[23:35:20.86] /m Information: "Simulation completed successfully for design: mylibrary/inverter_testbench/schematic "
[23:35:21.15] /m Information: Measurement calculations completed for testbench: default in 0s
[23:35:21.16] /m Information: "Evaluating and plotting outputs..."
[23:35:21.20] /m Information: Launching Waveform Viewer "cd /home/eemaj/acardenasbeltra/simulation/mylibrary/inverter_testbench/schematic/HSPICE/nominal/results && wv -k -cdesigner > /home/eemaj/acardenasbeltra/simulation/mylibrary/inverter_testbench/schematic/HSPICE/nominal/results/viewer.log 2>&1"
[23:38:15.23] /m Information: Waveform Viewer exited normally.
[23:38:19.62] /i gi::executeAction giCloseWindow -in [gi::getWindows 6]
[23:38:46.46] /i gi::executeAction menuPreShow -in [gi::getWindows 4]
[23:38:46.49] /r giMenuAccess db::getNext [gi::getMenus saConsoleSimMenu -from [gi::getWindows 4]]
[23:38:48.73] /# gi::executeAction saNetlistAndRun -in [gi::getWindows 4]
[23:38:48.73] /i isa::netlistAndRun -testbench [sa::findActiveTestbench -window 4]
[23:38:48.80] /m Information: "Starting incremental netlisting for design "mylibrary/inverter_testbench/schematic"..." (NETLISTING-010)
[23:38:48.83] /o No Design Integrity rule violations found in "mylibrary/inverter_testbench/schematic"
[23:38:48.91] /m Information: "Netlisting design "mylibrary/inverter_testbench/schematic" finished successfully." (NETLISTING-012)
[23:38:48.91] /m Information: "Composing simulator input file for design "mylibrary/inverter_testbench/schematic"..."
[23:38:48.97] /m Information: "Simulator input file composed successfully for design "mylibrary/inverter_testbench/schematic""
[23:38:49.84] /r giWindowId 7
[23:38:49.85] /r giWindowGeometry 800x600
[23:38:50.18] /# gi::expand {jobMonitorTable} -index {0,0} -in [gi::getWindows 7]
[23:38:50.18] /# gi::expand {jobMonitorTable} -index {0.0,0} -in [gi::getWindows 7]
[23:38:50.36] /m Information: "Starting HSPICE simulation for design: mylibrary/inverter_testbench/schematic"
[23:38:50.36] /# gi::collapse {jobMonitorTable} -index {0.0,0} -in [gi::getWindows 7]
[23:38:50.47] /o 1
[23:38:50.47] /i gi::expand {jobMonitorTable} -index {0.0,0} -in [gi::getWindows 7]
[23:38:51.52] /m Information: "Simulation completed successfully for design: mylibrary/inverter_testbench/schematic "
[23:38:51.85] /m Information: Measurement calculations completed for testbench: default in 0s
[23:38:52.04] /m Information: "Evaluating and plotting outputs..."
[23:38:52.07] /m Information: Launching Waveform Viewer "cd /home/eemaj/acardenasbeltra/simulation/mylibrary/inverter_testbench/schematic/HSPICE/nominal/results && wv -k -cdesigner > /home/eemaj/acardenasbeltra/simulation/mylibrary/inverter_testbench/schematic/HSPICE/nominal/results/viewer.log 2>&1"
[23:39:16.19] /m Information: Waveform Viewer exited normally.
[23:39:19.56] /i gi::executeAction giCloseWindow -in [gi::getWindows 7]
[23:40:12.54] /i gi::setActiveWindow 4
[23:40:12.58] /i gi::setActiveWindow 4 -raise true
[23:40:12.61] /i gi::setCurrentIndex {outputsTable} -index {2,1} -in [gi::getWindows 4]
[23:40:12.65] /i gi::setItemSelection {outputsTable} -index {2,1} -in [gi::getWindows 4]
[23:40:12.68] /i gi::setItemSelection {outputsTable} -index {2,1} -in [gi::getWindows 4]
[23:40:15.18] /i sa::selectOutputs -outputIndex 2 -window [gi::getWindows 4]
[23:40:19.26] /# gi::executeAction deAddPoint -in [gi::getWindows 5]
[23:40:19.26] /i de::addPoint {1.69375 1.425} -window 5
[23:40:27.74] /i gi::setField {outputsTable} -index {2,0} -value {i(/V1/PLUS)} -in [gi::getWindows 4]
[23:40:27.78] /i gi::setCurrentIndex {outputsTable} -index {1,1} -in [gi::getWindows 4]
[23:40:27.82] /i gi::setItemSelection {outputsTable} -index {1,1} -in [gi::getWindows 4]
[23:40:27.86] /i gi::setItemSelection {outputsTable} -index {1,1} -in [gi::getWindows 4]
[23:40:29.43] /i gi::setField {outputsTable} -index {1,0} -value {v(/VIN)} -in [gi::getWindows 4]
[23:40:29.47] /i gi::setCurrentIndex {outputsTable} -index {2,0} -in [gi::getWindows 4]
[23:40:29.51] /i gi::setItemSelection {outputsTable} -index {2,0} -in [gi::getWindows 4]
[23:40:29.55] /i gi::setItemSelection {outputsTable} -index {2,0} -in [gi::getWindows 4]
[23:40:30.40] /i gi::setField {outputsTable} -index {2,0} -value {isupply} -in [gi::getWindows 4]
[23:40:30.47] /i gi::setCurrentIndex {outputsTable} -index {2,1} -in [gi::getWindows 4]
[23:40:30.52] /i gi::setItemSelection {outputsTable} -index {2,1} -in [gi::getWindows 4]
[23:40:30.55] /i gi::setItemSelection {outputsTable} -index {2,1} -in [gi::getWindows 4]
[23:40:34.64] /i sa::selectOutputs -outputIndex 2 -window [gi::getWindows 4]
[23:40:34.90] /i gi::setField {outputsTable} -index {2,0} -value {} -in [gi::getWindows 4]
[23:40:36.01] /# gi::executeAction deAddPoint -in [gi::getWindows 5]
[23:40:36.01] /i de::addPoint {1.68125 1.43125} -window 5
[23:41:05.88] /i gi::executeAction menuPreShow -in [gi::getWindows 4]
[23:41:05.92] /r giMenuAccess db::getNext [gi::getMenus saConsoleSessionMenu -from [gi::getWindows 4]]
[23:41:07.60] /# gi::executeAction saSaveState -in [gi::getWindows 4]
[23:41:07.60] /i sa::showSaveState -parent 4
[23:41:07.83] /o oa:0x298e4e40
[23:41:08.64] /i db::setAttr geometry -of [gi::getDialogs {saShowSaveState} -parent [gi::getWindows 4]] -value 506x565+207+110
[23:41:33.43] /i gi::pressButton {/ok} -in [gi::getDialogs {saShowSaveState} -parent [gi::getWindows 4]]
[23:41:44.18] /i gi::executeAction menuPreShow -in [gi::getWindows 4]
[23:41:44.22] /r giMenuAccess db::getNext [gi::getMenus saConsoleSimMenu -from [gi::getWindows 4]]
[23:41:50.47] /# gi::executeAction saNetlistAndRun -in [gi::getWindows 4]
[23:41:50.47] /i isa::netlistAndRun -testbench [sa::findActiveTestbench -window 4]
[23:41:50.56] /m Information: "Starting incremental netlisting for design "mylibrary/inverter_testbench/schematic"..." (NETLISTING-010)
[23:41:50.59] /o No Design Integrity rule violations found in "mylibrary/inverter_testbench/schematic"
[23:41:50.65] /m Information: "Netlisting design "mylibrary/inverter_testbench/schematic" finished successfully." (NETLISTING-012)
[23:41:50.65] /m Information: "Composing simulator input file for design "mylibrary/inverter_testbench/schematic"..."
[23:41:50.71] /m Information: "Simulator input file composed successfully for design "mylibrary/inverter_testbench/schematic""
[23:41:51.50] /r giWindowId 8
[23:41:51.51] /r giWindowGeometry 800x600
[23:41:51.83] /# gi::expand {jobMonitorTable} -index {0,0} -in [gi::getWindows 8]
[23:41:51.83] /# gi::expand {jobMonitorTable} -index {0.0,0} -in [gi::getWindows 8]
[23:41:52.03] /m Information: "Starting HSPICE simulation for design: mylibrary/inverter_testbench/schematic"
[23:41:52.04] /# gi::collapse {jobMonitorTable} -index {0.0,0} -in [gi::getWindows 8]
[23:41:52.12] /o 1
[23:41:52.16] /i gi::expand {jobMonitorTable} -index {0.0,0} -in [gi::getWindows 8]
[23:41:52.72] /m Information: "Simulation completed successfully for design: mylibrary/inverter_testbench/schematic "
[23:41:52.95] /m Information: Measurement calculations completed for testbench: default in 0s
[23:41:52.96] /m Information: "Evaluating and plotting outputs..."
[23:41:52.99] /m Information: Launching Waveform Viewer "cd /home/eemaj/acardenasbeltra/simulation/mylibrary/inverter_testbench/schematic/HSPICE/nominal/results && wv -k -cdesigner > /home/eemaj/acardenasbeltra/simulation/mylibrary/inverter_testbench/schematic/HSPICE/nominal/results/viewer.log 2>&1"
[00:17:41.51] /m Information: Waveform Viewer exited normally.
[00:17:45.89] /i gi::executeAction giCloseWindow -in [gi::getWindows 8]
[00:17:49.74] /i gi::pressButton {plotButton} -in [gi::getWindows 4]
[00:17:49.82] /m Information: Launching Waveform Viewer "cd /home/eemaj/acardenasbeltra/simulation/mylibrary/inverter_testbench/schematic/HSPICE/nominal/results && wv -k -cdesigner > /home/eemaj/acardenasbeltra/simulation/mylibrary/inverter_testbench/schematic/HSPICE/nominal/results/viewer.log 2>&1"
[00:20:36.71] /m Information: Waveform Viewer exited normally.
[00:20:38.74] /i gi::executeAction menuPreShow -in [gi::getWindows 4]
[00:20:38.77] /r giMenuAccess db::getNext [gi::getMenus saConsoleSessionMenu -from [gi::getWindows 4]]
[00:20:40.51] /i gi::executeAction giCloseWindow -in [gi::getWindows 4]
[00:20:42.77] /# gi::executeAction deZoomOutAtPoint -in [gi::getWindows 5]
[00:20:42.77] /i de::zoom -window 5 -factor 0.5 -center {3.63125 1.4}
[00:20:42.85] /o {-4.3 -0.1625} {7.03125 4.925}
[00:20:45.72] /# gi::executeAction deFitSelected -in [gi::getWindows 5]
[00:20:45.72] /i de::fit -window 5 -set [de::getSelected -design [db::getAttr editDesign -of [db::getNext [de::getContexts -window 5]]]]
[00:20:45.80] /o {1.1375 0.69375} {3.6125 1.80625}
[00:20:47.25] /# gi::executeAction deFitEdit -in [gi::getWindows 5]
[00:20:47.25] /i de::fit -window 5 -fitEdit true
[00:20:47.32] /o {0.00625 0.0} {5.66875 2.5375}
[00:21:45.90] /# gi::executeAction deSelectActive -in [gi::getWindows 5]
[00:21:45.90] /i de::deselectAll [db::getNext [de::getContexts -window 5]]
[00:22:20.87] /i gi::executeAction giCloseWindow -in [gi::getWindows 5]
[00:22:24.40] /i gi::setActiveWindow 1
[00:22:24.44] /i gi::setActiveWindow 1 -raise true
[00:22:24.48] /i gi::setCurrentIndex {cells} -index {inverter} -in [gi::getWindows 1]
[00:22:24.58] /i gi::setItemSelection {cells} -index {inverter} -in [gi::getWindows 1]
[00:22:25.59] /i gi::setCurrentIndex {views} -index {symbol} -in [gi::getWindows 1]
[00:22:25.63] /i gi::setItemSelection {views} -index {symbol} -in [gi::getWindows 1]
[00:22:25.73] /i gi::executeAction dmOpen -in [gi::getWindows 1]
[00:22:25.82] /m Information: License 'Schematic Editor' checked out. (LICENSE-003)
[00:22:25.87] /r giWindowId 9
[00:22:25.87] /r giWindowGeometry 1088x591
[00:22:30.63] /# gi::executeAction deSelectActive -in [gi::getWindows 9]
[00:22:32.81] /# gi::executeAction deSelectActive -in [gi::getWindows 9]
[00:22:32.82] /i de::select [de::getActiveFigure [gi::getWindows 9] -point {0.19375 0.2375} -index 0 -intent none] -replace true
[00:22:32.86] /o oa:0x299f8ff0
[00:22:33.82] /# gi::executeAction deSelectActive -in [gi::getWindows 9]
[00:22:33.82] /i de::deselectAll [db::getNext [de::getContexts -window 9]]
[00:22:34.89] /# gi::executeAction deSelectActive -in [gi::getWindows 9]
[00:22:41.77] /# gi::executeAction deSelectActive -in [gi::getWindows 9]
[00:22:44.49] /# gi::executeAction seCreateSelection -in [gi::getWindows 9]
[00:22:44.49] /i ise::createSelectionShape
[00:22:48.09] /# gi::executeAction deStartDrag -in [gi::getWindows 9]
[00:22:48.09] /i de::startDrag {-0.00625 0.375} -window 9
[00:22:50.89] /# gi::executeAction deEndDrag -in [gi::getWindows 9]
[00:22:50.89] /i de::endDrag {0.9875 -0.3875} -window 9
[00:22:52.93] /# gi::executeAction deDefaultCommandOption -in [gi::getWindows 9]
[00:22:52.93] /i de::commandOption default -point {1.9 0.45} -window 9
[00:23:52.99] /i gi::executeAction giCloseWindow -in [gi::getWindows 9]
[00:23:53.46] /r giDialog db::setAttr geometry -of [gi::getDialogs {deCloseDesign} -parent [gi::getWindows 9]] -value 448x89+371+234
[00:23:58.80] /r giDialog gi::pressButton {save} -in [gi::getDialogs {deCloseDesign} -parent [gi::getWindows 9]]
[00:23:58.81] /m Information: Saving design 'mylibrary inverter symbol'. (DESIGN_WINDOW-004)
[00:24:02.40] /m Information: License 'Schematic Editor' checked in. (LICENSE-004)
[00:24:05.16] /i gi::setActiveWindow 1
[00:24:05.20] /i gi::setActiveWindow 1 -raise true
[00:24:05.30] /i gi::executeAction dmOpen -in [gi::getWindows 1]
[00:24:05.38] /m Information: License 'Schematic Editor' checked out. (LICENSE-003)
[00:24:05.41] /r giWindowId 10
[00:24:05.41] /r giWindowGeometry 1088x591
[00:24:13.62] /i gi::executeAction giCloseWindow -in [gi::getWindows 10]
[00:24:15.23] /m Information: License 'Schematic Editor' checked in. (LICENSE-004)
[00:24:17.08] /i gi::setActiveWindow 1
[00:24:17.11] /i gi::setActiveWindow 1 -raise true
[00:24:17.15] /i gi::setCurrentIndex {views} -index {schematic} -in [gi::getWindows 1]
[00:24:17.20] /i gi::setItemSelection {views} -index {schematic} -in [gi::getWindows 1]
[00:24:17.31] /i gi::executeAction dmOpen -in [gi::getWindows 1]
[00:24:17.40] /m Information: License 'Schematic Editor' checked out. (LICENSE-003)
[00:24:17.43] /r giWindowId 11
[00:24:17.43] /r giWindowGeometry 1088x591
[00:26:20.52] /i gi::executeAction giCloseWindow -in [gi::getWindows 11]
[00:26:22.37] /m Information: License 'Schematic Editor' checked in. (LICENSE-004)
[00:26:26.83] /i gi::executeAction giCloseWindow -in [gi::getWindows 1]
[00:26:30.69] /i gi::executeAction giCloseWindow -in [gi::getWindows 0]
[00:26:31.08] /r giDialog db::setAttr geometry -of [gi::getDialogs {deExitDialog}] -value 371x218+445+179
[00:26:32.36] /r giDialog gi::setField {saveState} -value {true} -in [gi::getDialogs {deExitDialog}]
[00:26:34.08] /r giDialog gi::pressButton {ok} -in [gi::getDialogs {deExitDialog}]
[00:26:34.46] /o Shutdown time: Fri Jan 21 00:26:34 2022
[00:26:34.46] /o Elapsed session real time: 1 hour 21.18 minutes
[00:26:34.46] /o Session terminated. Log is at /home/eemaj/acardenasbeltra/ee168/cdesigner.log
