[01:03:07.61] /o Custom Designer (TM) Version J-2014.12-SP2-2
              /c Build  (OPT) Config 2901729 compiled on Sun Jul 26 20:41:43 2015 for RHEL64 5.7
              /c Invocation: /usr/local/synopsys/customdesigner/J-2014.12-SP2-2/amd64/platform/bin/cdesigner
              /c Execution time: Fri Jan 21 01:03:00 2022
              /c Host: bender.engr.ucr.edu
              /c 
              /c Copyright © 2004-2015 Synopsys, Inc. All rights reserved.
              /c Your use of this program is subject to the terms and conditions of the written license agreement between you, or your company, and Synopsys.
              /c 
[01:03:08.94] /w Warning: In file /home/eemaj/acardenasbeltra/lib.defs: In file '/home/eemaj/acardenasbeltra/lib.defs': Error at line '2' : Multiple definitions for the library with the name of 'mylibrary' (DATA_MANAGEMENT-014)
[01:03:08.94] /w Warning: In file /home/eemaj/acardenasbeltra/lib.defs: Identical path definitions for 'mylibrary' in '/home/eemaj/acardenasbeltra/lib.defs' line '2' and 'mylibrary' in '/home/eemaj/acardenasbeltra/lib.defs' line '3' (DATA_MANAGEMENT-014)
[01:03:08.94] /w Warning: In file /home/eemaj/acardenasbeltra/lib.defs: In file '/home/eemaj/acardenasbeltra/lib.defs': Error at line '3' : Multiple definitions for the library with the name of 'mylibrary' (DATA_MANAGEMENT-014)
[01:03:08.94] /w Warning: In file /home/eemaj/acardenasbeltra/lib.defs: Identical path definitions for 'mylibrary' in '/home/eemaj/acardenasbeltra/lib.defs' line '3' and 'mylibrary' in '/home/eemaj/acardenasbeltra/lib.defs' line '4' (DATA_MANAGEMENT-014)
[01:04:20.79] /# gi::executeAction dmShowLibraryManager -in [gi::getWindows 0]
[01:04:20.79] /i dm::showLibraryManager
[01:04:20.80] /r giWindowId 1
[01:04:20.80] /r giWindowGeometry 660x600+50+50
[01:04:21.13] /w Warning: In file /home/eemaj/acardenasbeltra/lib.defs: In file '/home/eemaj/acardenasbeltra/lib.defs': Error at line '2' : Multiple definitions for the library with the name of 'mylibrary' (DATA_MANAGEMENT-014)
[01:04:21.14] /w Warning: In file /home/eemaj/acardenasbeltra/lib.defs: Identical path definitions for 'mylibrary' in '/home/eemaj/acardenasbeltra/lib.defs' line '2' and 'mylibrary' in '/home/eemaj/acardenasbeltra/lib.defs' line '3' (DATA_MANAGEMENT-014)
[01:04:21.14] /w Warning: In file /home/eemaj/acardenasbeltra/lib.defs: In file '/home/eemaj/acardenasbeltra/lib.defs': Error at line '3' : Multiple definitions for the library with the name of 'mylibrary' (DATA_MANAGEMENT-014)
[01:04:21.14] /w Warning: In file /home/eemaj/acardenasbeltra/lib.defs: Identical path definitions for 'mylibrary' in '/home/eemaj/acardenasbeltra/lib.defs' line '3' and 'mylibrary' in '/home/eemaj/acardenasbeltra/lib.defs' line '4' (DATA_MANAGEMENT-014)
[01:04:21.14] /o oa:0x221a62f0
[01:04:23.59] /i gi::setCurrentIndex {libs} -index {mylibrary} -in [gi::getWindows 1]
[01:04:23.65] /i gi::setItemSelection {libs} -index {mylibrary} -in [gi::getWindows 1]
[01:04:24.97] /i gi::setCurrentIndex {cells} -index {inverter} -in [gi::getWindows 1]
[01:04:25.06] /i gi::setItemSelection {cells} -index {inverter} -in [gi::getWindows 1]
[01:04:31.66] /i gi::setCurrentIndex {cells} -index {inverter_testbench} -in [gi::getWindows 1]
[01:04:31.72] /i gi::setItemSelection {cells} -index {inverter_testbench} -in [gi::getWindows 1]
[01:04:53.87] /i gi::setCurrentIndex {views} -index {schematic} -in [gi::getWindows 1]
[01:04:53.91] /i gi::setItemSelection {views} -index {schematic} -in [gi::getWindows 1]
[01:04:54.92] /i gi::setCurrentIndex {views} -index {Tran_DC_SAE4} -in [gi::getWindows 1]
[01:04:54.97] /i gi::setItemSelection {views} -index {Tran_DC_SAE4} -in [gi::getWindows 1]
[01:04:56.59] /i gi::setCurrentIndex {views} -index {schematic} -in [gi::getWindows 1]
[01:04:56.63] /i gi::setItemSelection {views} -index {schematic} -in [gi::getWindows 1]
[01:04:56.73] /i gi::executeAction dmOpen -in [gi::getWindows 1]
[01:04:56.79] /o 	############################################
[01:04:56.79] /o 	--------------------------------------------
[01:04:56.79] /o 	PDK Name................... : SAED_PDK_90
[01:04:56.79] /o 	PDK Release Date........... : 29-Sep-2015
[01:04:56.79] /o 	PDK Custom Designer Version : J-2014.12-2
[01:04:56.80] /o 	--------------------------------------------
[01:04:56.80] /o 	############################################
[01:04:56.80] /o 
[01:04:56.80] /w Warning: Preference 'leActiveLPP' is deprecated and scheduled for removal in a future release with no replacement. For migration assistance, see the Custom Designer Tcl Reference Manual. (PREFERENCE-058)
[01:04:56.80] /o SAED PDK 90: Loaded callbacks
[01:04:56.80] /o SAED PDK 90: Loaded display resources
[01:04:56.86] /m Information: License 'Schematic Editor' checked out. (LICENSE-003)
[01:04:56.95] /r giWindowId 2
[01:04:56.95] /r giWindowGeometry 1088x591
[01:05:02.59] /i de::finishEvalTextRendering -window [gi::getWindows 2]
[01:05:07.72] /i db::setAttr geometry -of [gi::getFrames 2] -value 1216x611+7+23
[01:05:14.81] /# gi::executeAction seShowConsoleForWindow -in [gi::getWindows 2]
[01:05:14.81] /i sa::showConsole -context [db::getNext [de::getContexts -window 2]]
[01:05:15.81] /m Information: License 'Simulation & Analysis Environment' checked out. (LICENSE-003)
[01:05:15.85] /r giWindowId 3
[01:05:15.86] /r giWindowGeometry 600x500
[01:05:16.50] /o oa:0x279d7e10
[01:05:21.83] /i gi::executeAction menuPreShow -in [gi::getWindows 3]
[01:05:21.87] /r giMenuAccess db::getNext [gi::getMenus saConsoleSetupMenu -from [gi::getWindows 3]]
[01:05:23.58] /i gi::executeAction menuPreShow -in [gi::getWindows 3]
[01:05:23.61] /r giMenuAccess db::getNext [gi::getMenus saVariablesMenu -from [gi::getWindows 3]]
[01:05:24.40] /i gi::executeAction menuPreShow -in [gi::getWindows 3]
[01:05:24.44] /r giMenuAccess db::getNext [gi::getMenus saConsoleOutputsMenu -from [gi::getWindows 3]]
[01:05:24.83] /i gi::executeAction menuPreShow -in [gi::getWindows 3]
[01:05:24.86] /r giMenuAccess db::getNext [gi::getMenus saConsoleSimMenu -from [gi::getWindows 3]]
[01:05:27.25] /i gi::executeAction menuPreShow -in [gi::getWindows 3]
[01:05:27.29] /r giMenuAccess db::getNext [gi::getMenus saConsoleOutputsMenu -from [gi::getWindows 3]]
[01:05:27.67] /i gi::executeAction menuPreShow -in [gi::getWindows 3]
[01:05:27.70] /r giMenuAccess db::getNext [gi::getMenus saConsoleSetupMenu -from [gi::getWindows 3]]
[01:05:31.82] /i gi::executeAction menuPreShow -in [gi::getWindows 3]
[01:05:31.86] /r giMenuAccess db::getNext [gi::getMenus saConsoleSessionMenu -from [gi::getWindows 3]]
[01:05:34.73] /# gi::executeAction saLoadState -in [gi::getWindows 3]
[01:05:34.73] /i sa::showLoadState -parent 3
[01:05:34.93] /o oa:0x278d20c0
[01:05:35.74] /i db::setAttr geometry -of [gi::getDialogs {saShowLoadState} -parent [gi::getWindows 3]] -value 600x645+117+74
[01:05:38.05] /i gi::setField {/loadFrom/openAccess} -value {true} -in [gi::getDialogs {saShowLoadState} -parent [gi::getWindows 3]]
[01:05:38.55] /i db::setAttr geometry -of [gi::getDialogs {saShowLoadState} -parent [gi::getWindows 3]] -value 600x616+117+74
[01:05:49.12] /i gi::pressButton {/ok} -in [gi::getDialogs {saShowLoadState} -parent [gi::getWindows 3]]
[01:05:59.50] /i gi::executeAction menuPreShow -in [gi::getWindows 3]
[01:05:59.54] /r giMenuAccess db::getNext [gi::getMenus saConsoleSimMenu -from [gi::getWindows 3]]
[01:06:01.35] /i gi::executeAction menuPreShow -in [gi::getWindows 3]
[01:06:01.39] /r giMenuAccess db::getNext [gi::getMenus saConsoleOutputsMenu -from [gi::getWindows 3]]
[01:06:01.69] /i gi::executeAction menuPreShow -in [gi::getWindows 3]
[01:06:01.73] /r giMenuAccess db::getNext [gi::getMenus saVariablesMenu -from [gi::getWindows 3]]
[01:06:02.48] /i gi::executeAction menuPreShow -in [gi::getWindows 3]
[01:06:02.51] /r giMenuAccess db::getNext [gi::getMenus saConsoleSetupMenu -from [gi::getWindows 3]]
[01:06:05.35] /i gi::executeAction menuPreShow -in [gi::getWindows 3]
[01:06:05.40] /r giMenuAccess db::getNext [gi::getMenus saConsoleSessionMenu -from [gi::getWindows 3]]
[01:06:12.83] /# gi::executeAction saSaveState -in [gi::getWindows 3]
[01:06:12.83] /i sa::showSaveState -parent 3
[01:06:13.09] /o oa:0x275809a0
[01:06:14.06] /i db::setAttr geometry -of [gi::getDialogs {saShowSaveState} -parent [gi::getWindows 3]] -value 506x565+117+108
[01:06:24.16] /i gi::pressButton {/deleteState} -in [gi::getDialogs {saShowSaveState} -parent [gi::getWindows 3]]
[01:06:24.54] /r giDialog db::setAttr geometry -of [gi::getDialogs {giPrompt}] -value 348x89+456+244
[01:06:26.36] /r giDialog gi::pressButton {delete} -in [gi::getDialogs {giPrompt}]
[01:06:27.77] /i db::setAttr geometry -of [gi::getDialogs {saShowSaveState} -parent [gi::getWindows 3]] -value 506x535+117+108
[01:06:40.22] /i gi::setField {/saveTo/statesDirectory} -value {true} -in [gi::getDialogs {saShowSaveState} -parent [gi::getWindows 3]]
[01:06:40.67] /i db::setAttr geometry -of [gi::getDialogs {saShowSaveState} -parent [gi::getWindows 3]] -value 506x477+117+108
[01:06:41.75] /i gi::setField {/saveTo/openAccess} -value {true} -in [gi::getDialogs {saShowSaveState} -parent [gi::getWindows 3]]
[01:06:42.19] /i db::setAttr geometry -of [gi::getDialogs {saShowSaveState} -parent [gi::getWindows 3]] -value 506x535+117+108
[01:06:57.70] /i gi::setField {/saveTo/statesDirectory} -value {true} -in [gi::getDialogs {saShowSaveState} -parent [gi::getWindows 3]]
[01:06:58.11] /i db::setAttr geometry -of [gi::getDialogs {saShowSaveState} -parent [gi::getWindows 3]] -value 506x477+117+108
[01:07:06.52] /i gi::setField {/saveTo/openAccess} -value {true} -in [gi::getDialogs {saShowSaveState} -parent [gi::getWindows 3]]
[01:07:06.95] /i db::setAttr geometry -of [gi::getDialogs {saShowSaveState} -parent [gi::getWindows 3]] -value 506x535+117+108
[01:07:45.14] /i gi::pressButton {/cancel} -in [gi::getDialogs {saShowSaveState} -parent [gi::getWindows 3]]
[01:07:48.92] /i gi::executeAction menuPreShow -in [gi::getWindows 3]
[01:07:48.96] /r giMenuAccess db::getNext [gi::getMenus saConsoleSessionMenu -from [gi::getWindows 3]]
[01:07:51.69] /# gi::executeAction saSaveState -in [gi::getWindows 3]
[01:07:51.69] /i sa::showSaveState -parent 3
[01:07:51.85] /o oa:0x27c97220
[01:07:52.57] /i db::setAttr geometry -of [gi::getDialogs {saShowSaveState} -parent [gi::getWindows 3]] -value 506x535+117+108
[01:08:00.28] /i gi::pressButton {/categories/checkAll} -in [gi::getDialogs {saShowSaveState} -parent [gi::getWindows 3]]
[01:08:14.00] /i gi::pressButton {/cancel} -in [gi::getDialogs {saShowSaveState} -parent [gi::getWindows 3]]
[01:10:26.70] /i gi::pressButton {plotButton} -in [gi::getWindows 3]
[01:10:26.81] /m Information: Launching Waveform Viewer "cd /home/eemaj/acardenasbeltra/simulation/mylibrary/inverter_testbench/schematic/HSPICE/nominal/results && wv -k -cdesigner > /home/eemaj/acardenasbeltra/simulation/mylibrary/inverter_testbench/schematic/HSPICE/nominal/results/viewer.log 2>&1"
[01:24:47.81] /m Information: Waveform Viewer exited normally.
[01:24:49.33] /i gi::executeAction menuPreShow -in [gi::getWindows 3]
[01:24:49.37] /r giMenuAccess db::getNext [gi::getMenus saConsoleSessionMenu -from [gi::getWindows 3]]
[01:24:51.35] /i gi::executeAction giCloseWindow -in [gi::getWindows 3]
[01:25:00.17] /i gi::executeAction giCloseWindow -in [gi::getWindows 2]
[01:25:02.12] /m Information: License 'Schematic Editor' checked in. (LICENSE-004)
[01:25:06.86] /i gi::executeAction giCloseWindow -in [gi::getWindows 1]
[01:25:09.56] /i gi::executeAction giCloseWindow -in [gi::getWindows 0]
[01:25:09.95] /r giDialog db::setAttr geometry -of [gi::getDialogs {deExitDialog}] -value 371x218+445+179
[01:25:11.39] /r giDialog gi::setField {saveState} -value {true} -in [gi::getDialogs {deExitDialog}]
[01:25:12.28] /r giDialog gi::pressButton {ok} -in [gi::getDialogs {deExitDialog}]
[01:25:12.73] /o Shutdown time: Fri Jan 21 01:25:12 2022
[01:25:12.73] /o Elapsed session real time: 22.08 minutes
[01:25:12.73] /o Session terminated. Log is at /home/eemaj/acardenasbeltra/ee168/cdesigner.log
