[11:30:15.55] /o Custom Designer (TM) Version J-2014.12-SP2-2
              /c Build  (OPT) Config 2901729 compiled on Sun Jul 26 20:41:43 2015 for RHEL64 5.7
              /c Invocation: /usr/local/synopsys/customdesigner/J-2014.12-SP2-2/amd64/platform/bin/cdesigner
              /c Execution time: Wed Jan 26 11:30:07 2022
              /c Host: bender.engr.ucr.edu
              /c 
              /c Copyright © 2004-2015 Synopsys, Inc. All rights reserved.
              /c Your use of this program is subject to the terms and conditions of the written license agreement between you, or your company, and Synopsys.
              /c 
[11:30:16.86] /m Information: ::xt::physicalVerification::_private::processValidationProc: Invalid process 'SAED 90nm'.
[11:30:16.86] /m Information: ::xt::physicalVerification::_private::variantValidationProc: Invalid process ''.
[11:30:16.90] /w Warning: In file /home/eemaj/acardenasbeltra/lib.defs: In file '/home/eemaj/acardenasbeltra/lib.defs': Error at line '2' : Multiple definitions for the library with the name of 'mylibrary' (DATA_MANAGEMENT-014)
[11:30:16.90] /w Warning: In file /home/eemaj/acardenasbeltra/lib.defs: Identical path definitions for 'mylibrary' in '/home/eemaj/acardenasbeltra/lib.defs' line '2' and 'mylibrary' in '/home/eemaj/acardenasbeltra/lib.defs' line '3' (DATA_MANAGEMENT-014)
[11:30:16.91] /w Warning: In file /home/eemaj/acardenasbeltra/lib.defs: In file '/home/eemaj/acardenasbeltra/lib.defs': Error at line '3' : Multiple definitions for the library with the name of 'mylibrary' (DATA_MANAGEMENT-014)
[11:30:16.91] /w Warning: In file /home/eemaj/acardenasbeltra/lib.defs: Identical path definitions for 'mylibrary' in '/home/eemaj/acardenasbeltra/lib.defs' line '3' and 'mylibrary' in '/home/eemaj/acardenasbeltra/lib.defs' line '4' (DATA_MANAGEMENT-014)
[11:30:19.94] /i db::setAttr geometry -of [gi::getFrames 0] -value 600x300+8+299
[11:30:22.19] /i db::setAttr geometry -of [gi::getFrames 0] -value 600x300+8+299
[11:30:23.27] /i db::setAttr geometry -of [gi::getFrames 0] -value 600x300+356+85
[11:30:23.90] /# gi::executeAction dmShowLibraryManager -in [gi::getWindows 0]
[11:30:23.90] /i dm::showLibraryManager
[11:30:23.94] /r giWindowId 1
[11:30:23.95] /r giWindowGeometry 660x600+50+50
[11:30:24.35] /w Warning: In file /home/eemaj/acardenasbeltra/lib.defs: In file '/home/eemaj/acardenasbeltra/lib.defs': Error at line '2' : Multiple definitions for the library with the name of 'mylibrary' (DATA_MANAGEMENT-014)
[11:30:24.35] /w Warning: In file /home/eemaj/acardenasbeltra/lib.defs: Identical path definitions for 'mylibrary' in '/home/eemaj/acardenasbeltra/lib.defs' line '2' and 'mylibrary' in '/home/eemaj/acardenasbeltra/lib.defs' line '3' (DATA_MANAGEMENT-014)
[11:30:24.35] /w Warning: In file /home/eemaj/acardenasbeltra/lib.defs: In file '/home/eemaj/acardenasbeltra/lib.defs': Error at line '3' : Multiple definitions for the library with the name of 'mylibrary' (DATA_MANAGEMENT-014)
[11:30:24.36] /w Warning: In file /home/eemaj/acardenasbeltra/lib.defs: Identical path definitions for 'mylibrary' in '/home/eemaj/acardenasbeltra/lib.defs' line '3' and 'mylibrary' in '/home/eemaj/acardenasbeltra/lib.defs' line '4' (DATA_MANAGEMENT-014)
[11:30:24.36] /o oa:0x2441db00
[11:30:26.26] /i gi::setCurrentIndex {libs} -index {mylibrary} -in [gi::getWindows 1]
[11:30:26.31] /i gi::setItemSelection {libs} -index {mylibrary} -in [gi::getWindows 1]
[11:30:27.79] /i gi::setCurrentIndex {cells} -index {NAND_testbench} -in [gi::getWindows 1]
[11:30:27.85] /i gi::setItemSelection {cells} -index {NAND_testbench} -in [gi::getWindows 1]
[11:30:29.14] /i gi::setCurrentIndex {views} -index {schematic} -in [gi::getWindows 1]
[11:30:29.19] /i gi::setItemSelection {views} -index {schematic} -in [gi::getWindows 1]
[11:30:30.61] /i gi::executeAction dmOpen -in [gi::getWindows 1]
[11:30:30.68] /o 	############################################
[11:30:30.68] /o 	--------------------------------------------
[11:30:30.68] /o 	PDK Name................... : SAED_PDK_90
[11:30:30.68] /o 	PDK Release Date........... : 29-Sep-2015
[11:30:30.68] /o 	PDK Custom Designer Version : J-2014.12-2
[11:30:30.68] /o 	--------------------------------------------
[11:30:30.68] /o 	############################################
[11:30:30.68] /o 
[11:30:30.68] /w Warning: Preference 'leActiveLPP' is deprecated and scheduled for removal in a future release with no replacement. For migration assistance, see the Custom Designer Tcl Reference Manual. (PREFERENCE-058)
[11:30:30.69] /o SAED PDK 90: Loaded callbacks
[11:30:30.69] /o SAED PDK 90: Loaded display resources
[11:30:30.75] /m Information: License 'Schematic Editor' checked out. (LICENSE-003)
[11:30:30.82] /r giWindowId 2
[11:30:30.83] /r giWindowGeometry 1088x612
[11:30:35.74] /i db::setAttr geometry -of [gi::getFrames 2] -value 1088x612+8+31
[11:30:38.20] /i db::setAttr geometry -of [gi::getFrames 2] -value 1280x657+0+23
[11:30:42.24] /i gi::setActiveWindow 1
[11:30:42.28] /i gi::setActiveWindow 1 -raise true
[11:30:43.15] /i gi::setCurrentIndex {views} -index {Tran_NAND_SAE} -in [gi::getWindows 1]
[11:30:43.20] /i gi::setItemSelection {views} -index {Tran_NAND_SAE} -in [gi::getWindows 1]
[11:30:43.40] /i gi::executeAction dmOpen -in [gi::getWindows 1]
[11:30:43.50] /m Information: License 'Simulation & Analysis Environment' checked out. (LICENSE-003)
[11:30:43.57] /r giWindowId 3
[11:30:43.58] /r giWindowGeometry 600x500
[11:30:45.49] /i db::setAttr geometry -of [gi::getFrames 3] -value 600x500+34+57
[11:30:47.14] /i gi::setActiveWindow 1
[11:30:47.18] /i gi::setActiveWindow 1 -raise true
[11:30:47.95] /i gi::setActiveWindow 3
[11:30:48.00] /i gi::setActiveWindow 3 -raise true
[11:30:48.08] /i db::setAttr iconified -of [gi::getFrames 1] -value true
[11:30:48.43] /i db::setAttr geometry -of [gi::getFrames 1] -value 660x600+0+0
[11:30:48.49] /i gi::pressButton {plotButton} -in [gi::getWindows 3]
[11:30:48.59] /m Information: Launching Waveform Viewer "cd /home/eemaj/acardenasbeltra/simulation/mylibrary/NAND_testbench/schematic/HSPICE/nominal/results && wv -k -cdesigner > /home/eemaj/acardenasbeltra/simulation/mylibrary/NAND_testbench/schematic/HSPICE/nominal/results/viewer.log 2>&1"
[11:31:48.24] /i gi::setActiveWindow 2
[11:31:48.28] /i gi::setActiveWindow 2 -raise true
[11:31:48.39] /i db::setAttr iconified -of [gi::getFrames 3] -value true
[11:31:49.01] /i db::setAttr geometry -of [gi::getFrames 3] -value 600x500+0+0
[11:31:49.07] /# gi::executeAction deZoomInAtPoint -in [gi::getWindows 2]
[11:31:49.07] /i de::zoom -window 2 -factor 2.0 -center {3.2875 1.60625}
[11:31:49.15] /o {1.34375 0.8} {4.725 2.2625}
[11:31:49.67] /# gi::executeAction deZoomOutAtPoint -in [gi::getWindows 2]
[11:31:49.67] /i de::zoom -window 2 -factor 0.5 -center {3.05625 1.68125}
[11:31:49.75] /o {-0.36875 -0.08125} {6.4 2.84375}
[11:32:50.30] /m Information: Waveform Viewer exited normally.
[11:32:54.25] /i gi::executeAction giCloseWindow -in [gi::getWindows 2]
[11:32:56.46] /m Information: License 'Schematic Editor' checked in. (LICENSE-004)
[11:32:56.75] /i gi::executeAction giCloseWindow -in [gi::getWindows 3]
[11:32:56.83] /m Information: License 'Simulation & Analysis Environment' checked in. (LICENSE-004)
[11:32:57.11] /i db::setAttr iconified -of [gi::getFrames 1] -value false
[11:32:57.16] /i gi::setActiveWindow 1
[11:32:57.21] /i gi::setActiveWindow 1 -raise true
[11:32:58.17] /i db::setAttr geometry -of [gi::getFrames 1] -value 660x600+50+50
[11:32:58.41] /i gi::setCurrentIndex {cells} -index {NAND} -in [gi::getWindows 1]
[11:32:58.52] /i gi::setItemSelection {cells} -index {NAND} -in [gi::getWindows 1]
[11:33:00.34] /i gi::setCurrentIndex {views} -index {layout} -in [gi::getWindows 1]
[11:33:00.38] /i gi::setItemSelection {views} -index {layout} -in [gi::getWindows 1]
[11:33:00.56] /i gi::executeAction dmOpen -in [gi::getWindows 1]
[11:33:00.65] /m Information: License 'Layout Editor' checked out. (LICENSE-003)
[11:33:00.69] /r giWindowId 4
[11:33:00.70] /r giWindowGeometry 1088x612
[11:33:01.97] /i db::setAttr dockSize -of [gi::getAssistants leObjectLayerPanel -from [gi::getWindows 4]] -value 190x462
[11:33:05.18] /i db::setAttr dockSize -of [gi::getAssistants leObjectLayerPanel -from [gi::getWindows 4]] -value 190x507
[11:33:05.25] /i db::setAttr geometry -of [gi::getFrames 4] -value 1280x657+0+23
[11:33:09.39] /# gi::executeAction xtDRCRun -in [gi::getWindows 4]
[11:33:09.39] /i xt::physicalVerification::executeRun drc 4
[11:33:10.00] /# xt::physicalVerification::executePve drc 4
[11:33:10.78] /r giWindowId 5
[11:33:10.79] /r giWindowGeometry 800x600
[11:33:11.74] /i db::setAttr geometry -of [gi::getFrames 5] -value 800x600+86+109
[11:33:17.16] /m Information: 
              /c =============================
              /c JobID: icv_drc_1
              /c Completed with no errors.
              /c =============================
              /c 
[11:33:21.54] /i gi::setActiveWindow 4
[11:33:21.60] /i gi::setActiveWindow 4 -raise true
[11:33:21.70] /i db::setAttr iconified -of [gi::getFrames 5] -value true
[11:33:22.03] /i db::setAttr geometry -of [gi::getFrames 5] -value 800x600+0+0
[11:33:27.84] /# gi::executeAction xtLVSRun -in [gi::getWindows 4]
[11:33:27.84] /i xt::physicalVerification::executeRun lvs 4
[11:33:28.42] /# xt::physicalVerification::executePve lvs 4
[11:33:28.45] /m Information: "Starting netlisting for design "mylibrary/NAND/schematic"..." (NETLISTING-010)
[11:33:28.68] /o No Design Integrity rule violations found in "mylibrary/NAND/schematic"
[11:33:28.73] /m Information: "Netlisting design "mylibrary/NAND/schematic" finished successfully." (NETLISTING-012)
[11:33:32.12] /r giWindowId 6
[11:33:32.13] /r giWindowGeometry 800x600
[11:33:33.17] /i db::setAttr geometry -of [gi::getFrames 6] -value 800x600+112+112
[11:33:37.46] /i db::setAttr iconified -of [gi::getFrames 5] -value false
[11:33:37.53] /i gi::setActiveWindow 5
[11:33:37.57] /i gi::setActiveWindow 5 -raise true
[11:33:37.64] /m Information: 
              /c =============================
              /c JobID: icv_lvs_1
              /c --- EXTRACT ERROR SUMMARY ---
              /c LAYOUT ERRORS RESULTS: CLEAN
              /c --- COMPARE ERROR SUMMARY ---
              /c 
              /c =============================
              /c 
[11:33:37.95] /i db::setAttr geometry -of [gi::getFrames 5] -value 800x600+86+109
[11:33:38.55] /i gi::setActiveTab {tabs} -tabName {NAND.LAYOUT_ERRORS} -in [gi::getWindows 5]
[11:33:40.24] /i gi::setActiveWindow 6
[11:33:40.29] /i gi::setActiveWindow 6 -raise true
[11:33:40.35] /i db::setAttr iconified -of [gi::getFrames 5] -value true
[11:33:40.77] /i db::setAttr geometry -of [gi::getFrames 5] -value 800x600+0+0
[11:33:42.38] /m Information: Connection established with 'IC Validator VUE' running on 'bender.engr.ucr.edu'.
[11:33:43.14] /i gi::setActiveWindow 4
[11:33:43.18] /i gi::setActiveWindow 4 -raise true
[11:33:43.23] /i gi::setCurrentIndex {lpps} -index {13,0} -in [gi::getAssistants leObjectLayerPanel -from [gi::getWindows 4]]
[11:33:43.27] /i gi::setItemSelection {lpps} -index {13,0} -in [gi::getAssistants leObjectLayerPanel -from [gi::getWindows 4]]
[11:33:43.31] /i gi::executeAction leOLPSelect -in [gi::getAssistants leObjectLayerPanel -from [gi::getWindows 4]]
[11:33:43.35] /# gi::setItemSelection {lpps} -index {} -in [gi::getAssistants leObjectLayerPanel -from [gi::getWindows 4]]
[11:33:43.35] /# gi::setItemSelection {lpps} -index {13,0} -in [gi::getAssistants leObjectLayerPanel -from [gi::getWindows 4]]
[11:33:43.43] /i gi::executeAction leOLPSetActiveLPP -in [gi::getAssistants leObjectLayerPanel -from [gi::getWindows 4]]
[11:33:44.10] /r giWindowId 7
[11:33:44.10] /r giWindowGeometry 1088x612
[11:33:48.16] /i db::setAttr iconified -of [gi::getFrames 7] -value true
[11:33:48.61] /i db::setAttr geometry -of [gi::getFrames 7] -value 1088x612+0+0
[11:33:49.04] /i gi::setActiveWindow 4
[11:33:49.10] /i gi::setActiveWindow 4 -raise true
[11:33:50.35] /# gi::executeAction deZoomInAtPoint -in [gi::getWindows 4]
[11:33:50.35] /i de::zoom -window 4 -factor 2.0 -center {0.896 1.731}
[11:33:50.43] /o {-1.617 -0.864} {5.549 2.598}
[11:33:51.36] /# gi::executeAction deZoomOutAtPoint -in [gi::getWindows 4]
[11:33:51.36] /i de::zoom -window 4 -factor 0.5 -center {0.889 1.731}
[11:33:51.44] /o {-4.122 -3.46} {10.21 3.465}
[11:33:52.86] /# gi::executeAction deZoomInAtPoint -in [gi::getWindows 4]
[11:33:52.86] /i de::zoom -window 4 -factor 2.0 -center {1.398 2.997}
[11:33:52.94] /o {-1.362 -0.231} {5.804 3.231}
[11:33:54.88] /# gi::executeAction deZoomOutAtPoint -in [gi::getWindows 4]
[11:33:54.88] /i de::zoom -window 4 -factor 0.5 -center {2.073 1.662}
[11:33:54.97] /o {-4.797 -2.125} {9.535 4.8}
[11:33:56.42] /# gi::executeAction deFitEdit -in [gi::getWindows 4]
[11:33:56.42] /i de::fit -window 4 -fitEdit true
[11:33:56.51] /o {-4.81 -2.84} {8.24 3.465}
[11:34:08.48] /# gi::executeAction deZoomInAtPoint -in [gi::getWindows 4]
[11:34:08.48] /i de::zoom -window 4 -factor 2.0 -center {1.746 1.748}
[11:34:08.57] /o {-1.532 -0.546} {4.993 2.607}
[11:34:10.75] /# gi::executeAction dePan -in [gi::getWindows 4]
[11:34:10.75] /i ide::pan 4
[11:34:11.74] /# gi::executeAction deStartDrag -in [gi::getWindows 4]
[11:34:11.74] /i de::startDrag {0.831 1.516} -window 4
[11:34:13.86] /# gi::executeAction deEndDrag -in [gi::getWindows 4]
[11:34:13.86] /i de::endDrag {0.837 1.528} -window 4
[11:34:13.95] /r dePanToPoint {1.656 -0.304}
[11:34:14.43] /# gi::executeAction deStartDrag -in [gi::getWindows 4]
[11:34:14.43] /i de::startDrag {0.6 -0.564} -window 4
[11:34:16.32] /# gi::executeAction deEndDrag -in [gi::getWindows 4]
[11:34:16.32] /i de::endDrag {0.6 -0.658} -window 4
[11:34:16.41] /r dePanToPoint {1.456 -1.106}
[11:34:18.75] /# gi::executeAction deFitEdit -in [gi::getWindows 4]
[11:34:18.75] /i de::fit -window 4 -fitEdit true
[11:34:18.84] /o {-4.81 -2.84} {8.24 3.465}
[11:34:23.68] /i db::setAttr iconified -of [gi::getFrames 5] -value false
[11:34:23.79] /i gi::setActiveWindow 5
[11:34:23.83] /i gi::setActiveWindow 5 -raise true
[11:34:23.95] /i db::setAttr geometry -of [gi::getFrames 5] -value 800x600+86+109
[11:34:28.15] /i db::setAttr geometry -of [gi::getFrames 5] -value 800x600+212+41
[11:34:31.17] /i gi::setActiveWindow 4
[11:34:31.22] /i gi::setActiveWindow 4 -raise true
[11:34:31.33] /i db::setAttr iconified -of [gi::getFrames 5] -value true
[11:34:32.36] /i db::setAttr geometry -of [gi::getFrames 5] -value 800x600+0+0
[11:36:32.33] /m Information: Connection closed with 'IC Validator VUE' running on 'bender.engr.ucr.edu'.
[11:36:34.99] /i gi::executeAction giCloseWindow -in [gi::getWindows 7]
[11:36:37.71] /i gi::executeAction giCloseWindow -in [gi::getWindows 6]
[11:36:38.21] /i gi::executeAction giCloseWindow -in [gi::getWindows 5]
[11:36:38.91] /i gi::executeAction giCloseWindow -in [gi::getWindows 4]
[11:36:41.85] /m Information: License 'Layout Editor' checked in. (LICENSE-004)
[11:36:42.40] /i gi::setActiveWindow 1
[11:36:42.45] /i gi::setActiveWindow 1 -raise true
[11:36:42.79] /i db::setAttr iconified -of [gi::getFrames 1] -value true
[11:36:42.97] /i db::setAttr geometry -of [gi::getFrames 1] -value 660x600+0+0
[11:47:26.37] /i gi::setActiveWindow 0
[11:47:26.42] /i gi::setActiveWindow 0 -raise true
[11:47:29.45] /i gi::executeAction giCloseWindow -in [gi::getWindows 0]
[11:47:29.97] /r giDialog gi::setActiveDialog [gi::getDialogs {deExitDialog}]
[11:47:30.07] /r giDialog db::setAttr geometry -of [gi::getDialogs {deExitDialog}] -value 371x218+445+191
[11:47:31.34] /r giDialog gi::setField {saveState} -value {true} -in [gi::getDialogs {deExitDialog}]
[11:47:32.25] /r giDialog gi::pressButton {ok} -in [gi::getDialogs {deExitDialog}]
[11:47:32.87] /o Shutdown time: Wed Jan 26 11:47:32 2022
[11:47:32.87] /o Elapsed session real time: 17.28 minutes
[11:47:32.87] /o Session terminated. Log is at /home/eemaj/acardenasbeltra/ee168/cdesigner.log
