/* ICV_Nettran: RHEL64 O-2018.12-SP2-9.5147677 2019/11/08 */
/* Created:  1/26/2022  11:33   */

                                  ICV_Nettran 

         Version O-2018.12-SP2-9 for linux64 - Nov 08, 2019 cl#5147677

                    Copyright (c) 1996 - 2019 Synopsys, Inc.
   This software and the associated documentation are proprietary to Synopsys,
 Inc. This software may only be used in accordance with the terms and conditions
 of a written license agreement with Synopsys, Inc. All other use, reproduction,
            or distribution of this software is strictly prohibited.

Options: -sp /home/eemaj/acardenasbeltra/ee168/pvjob_mylibrary.NAND.icv.lvs/NAND.cdesigner.sp -globalNets VDD VDD12 VDD22 -mprop -cell NAND -dupCell USE_MULTIPLE -sp-ndbConnect -quiet -logFile run_details/icv_nettran.log -globalNets VDD VDD12 VDD22 VSS VSS12 VDD22 -wireLog run_details/nettran_wire.log -dupCellReportFile run_details/nettran_dupCell.log -outName /.netlist_database_sch100 -outType ndb -ndb-noOrgname -ndb-micron 

Reading "/home/eemaj/acardenasbeltra/ee168/pvjob_mylibrary.NAND.icv.lvs/NAND.cdesigner.sp" netlist ...
WARNING: SPICE netlist scale is set to METER by .*.SCALE statement near line 4 in "/home/eemaj/acardenasbeltra/ee168/pvjob_mylibrary.NAND.icv.lvs/NAND.cdesigner.sp".
Loading cell "NAND" ...
[Nettran Report] Reading Netlist(s): Check Time=0:00:00  User=0.00 Sys=0.00 Mem=3.484
Processing Hierarchy ...
[Nettran Report] Post Process: Check Time=0:00:00  User=0.00 Sys=0.00 Mem=3.531
Writing NDB netlist ...
[Nettran Report] Output Netlist: Check Time=0:00:01  User=0.01 Sys=0.00 Mem=9.250
Translation completed.
[Nettran Report] Nettran Total Runtime: Check Time=0:00:01  User=0.02 Sys=0.01 Mem=9.250
